<?xml version="1.0" encoding="UTF-8"?>
<testsuite xmlns:xsi="http://www.w3.org/2001/XMLSchema-instance" xsi:noNamespaceSchemaLocation="https://maven.apache.org/surefire/maven-surefire-plugin/xsd/surefire-test-report.xsd" version="3.0.2" name="com.joel.ECommerceApplicationTests" time="11.256" tests="1" errors="0" skipped="0" failures="0">
  <properties>
[...]
</properties>
  <testcase name="contextLoads" classname="com.joel.ECommerceApplicationTests" time="0.62">
    <system-out><![CDATA[11:22:45.311 [main] INFO org.springframework.test.context.support.AnnotationConfigContextLoaderUtils -- Could not detect default configuration classes for test class [com.joel.ECommerceApplicationTests]: ECommerceApplicationTests does not declare any static, non-private, non-final, nested classes annotated with @Configuration.
11:22:45.525 [main] INFO org.springframework.boot.test.context.SpringBootTestContextBootstrapper -- Found @SpringBootConfiguration com.joel.ECommerceApplication for test class com.joel.ECommerceApplicationTests
11:22:45.878 [main] INFO org.springframework.boot.devtools.restart.RestartApplicationListener -- Restart disabled due to context in which it is running

  .   ____          _            __ _ _
 /\\ / ___'_ __ _ _(_)_ __  __ _ \ \ \ \
( ( )\___ | '_ | '_| | '_ \/ _` | \ \ \ \
 \\/  ___)| |_)| | | | | || (_| |  ) ) ) )
  '  |____| .__|_| |_|_| |_\__, | / / / /
 =========|_|==============|___/=/_/_/_/

 :: Spring Boot ::                (v3.4.1)

2025-03-04T11:22:46.243+05:30  INFO 13672 --- [E-Commerce] [           main] com.joel.ECommerceApplicationTests       : Starting ECommerceApplicationTests using Java 21.0.1 with PID 13672 (started by JoelOliveira in C:\Users\JoelOliveira\Desktop\Joel\Github\E-Commerce-Project)
2025-03-04T11:22:46.244+05:30 DEBUG 13672 --- [E-Commerce] [           main] com.joel.ECommerceApplicationTests       : Running with Spring Boot v3.4.1, Spring v6.2.1
2025-03-04T11:22:46.245+05:30  INFO 13672 --- [E-Commerce] [           main] com.joel.ECommerceApplicationTests       : No active profile set, falling back to 1 default profile: "default"
2025-03-04T11:22:46.246+05:30 DEBUG 13672 --- [E-Commerce] [           main] o.s.boot.SpringApplication               : Loading source class com.joel.ECommerceApplication
2025-03-04T11:22:46.285+05:30 DEBUG 13672 --- [E-Commerce] [           main] o.s.w.c.s.GenericWebApplicationContext   : Refreshing org.springframework.web.context.support.GenericWebApplicationContext@36b6964d
2025-03-04T11:22:46.313+05:30 DEBUG 13672 --- [E-Commerce] [           main] o.s.b.f.s.DefaultListableBeanFactory     : Creating shared instance of singleton bean 'org.springframework.context.annotation.internalConfigurationAnnotationProcessor'
2025-03-04T11:22:46.337+05:30 DEBUG 13672 --- [E-Commerce] [           main] o.s.b.f.s.DefaultListableBeanFactory     : Creating shared instance of singleton bean 'org.springframework.boot.autoconfigure.internalCachingMetadataReaderFactory'
2025-03-04T11:22:46.394+05:30 DEBUG 13672 --- [E-Commerce] [           main] o.s.c.a.ClassPathBeanDefinitionScanner   : Identified candidate component class: file [C:\Users\JoelOliveira\Desktop\Joel\Github\E-Commerce-Project\target\classes\com\joel\config\AppConfig.class]
2025-03-04T11:22:46.415+05:30 DEBUG 13672 --- [E-Commerce] [           main] o.s.c.a.ClassPathBeanDefinitionScanner   : Identified candidate component class: file [C:\Users\JoelOliveira\Desktop\Joel\Github\E-Commerce-Project\target\classes\com\joel\controller\AuthController.class]
2025-03-04T11:22:46.427+05:30 DEBUG 13672 --- [E-Commerce] [           main] o.s.c.a.ClassPathBeanDefinitionScanner   : Identified candidate component class: file [C:\Users\JoelOliveira\Desktop\Joel\Github\E-Commerce-Project\target\classes\com\joel\controller\CategoryController.class]
2025-03-04T11:22:46.429+05:30 DEBUG 13672 --- [E-Commerce] [           main] o.s.c.a.ClassPathBeanDefinitionScanner   : Identified candidate component class: file [C:\Users\JoelOliveira\Desktop\Joel\Github\E-Commerce-Project\target\classes\com\joel\controller\ProductController.class]
2025-03-04T11:22:46.444+05:30 DEBUG 13672 --- [E-Commerce] [           main] o.s.c.a.ClassPathBeanDefinitionScanner   : Identified candidate component class: file [C:\Users\JoelOliveira\Desktop\Joel\Github\E-Commerce-Project\target\classes\com\joel\exception\GlobalExceptionHandler.class]
2025-03-04T11:22:46.469+05:30 DEBUG 13672 --- [E-Commerce] [           main] o.s.c.a.ClassPathBeanDefinitionScanner   : Identified candidate component class: file [C:\Users\JoelOliveira\Desktop\Joel\Github\E-Commerce-Project\target\classes\com\joel\security\jwt\AuthEntryPointJwt.class]
2025-03-04T11:22:46.473+05:30 DEBUG 13672 --- [E-Commerce] [           main] o.s.c.a.ClassPathBeanDefinitionScanner   : Identified candidate component class: file [C:\Users\JoelOliveira\Desktop\Joel\Github\E-Commerce-Project\target\classes\com\joel\security\jwt\AuthTokenFilter.class]
2025-03-04T11:22:46.475+05:30 DEBUG 13672 --- [E-Commerce] [           main] o.s.c.a.ClassPathBeanDefinitionScanner   : Identified candidate component class: file [C:\Users\JoelOliveira\Desktop\Joel\Github\E-Commerce-Project\target\classes\com\joel\security\jwt\JwtUtils.class]
2025-03-04T11:22:46.505+05:30 DEBUG 13672 --- [E-Commerce] [           main] o.s.c.a.ClassPathBeanDefinitionScanner   : Identified candidate component class: file [C:\Users\JoelOliveira\Desktop\Joel\Github\E-Commerce-Project\target\classes\com\joel\security\service\UserDetailsServiceImpl.class]
2025-03-04T11:22:46.521+05:30 DEBUG 13672 --- [E-Commerce] [           main] o.s.c.a.ClassPathBeanDefinitionScanner   : Identified candidate component class: file [C:\Users\JoelOliveira\Desktop\Joel\Github\E-Commerce-Project\target\classes\com\joel\security\WebSecurityConfig.class]
2025-03-04T11:22:46.524+05:30 DEBUG 13672 --- [E-Commerce] [           main] o.s.c.a.ClassPathBeanDefinitionScanner   : Identified candidate component class: file [C:\Users\JoelOliveira\Desktop\Joel\Github\E-Commerce-Project\target\classes\com\joel\service\CategoryServiceImpl.class]
2025-03-04T11:22:46.531+05:30 DEBUG 13672 --- [E-Commerce] [           main] o.s.c.a.ClassPathBeanDefinitionScanner   : Identified candidate component class: file [C:\Users\JoelOliveira\Desktop\Joel\Github\E-Commerce-Project\target\classes\com\joel\service\FileServiceImpl.class]
2025-03-04T11:22:46.534+05:30 DEBUG 13672 --- [E-Commerce] [           main] o.s.c.a.ClassPathBeanDefinitionScanner   : Identified candidate component class: file [C:\Users\JoelOliveira\Desktop\Joel\Github\E-Commerce-Project\target\classes\com\joel\service\ProductServiceImpl.class]
2025-03-04T11:22:47.790+05:30  INFO 13672 --- [E-Commerce] [           main] .s.d.r.c.RepositoryConfigurationDelegate : Bootstrapping Spring Data JPA repositories in DEFAULT mode.
2025-03-04T11:22:47.801+05:30 DEBUG 13672 --- [E-Commerce] [           main] o.s.b.f.s.DefaultListableBeanFactory     : Creating shared instance of singleton bean 'org.springframework.boot.autoconfigure.AutoConfigurationPackages'
2025-03-04T11:22:47.810+05:30 DEBUG 13672 --- [E-Commerce] [           main] o.s.b.a.AutoConfigurationPackages        : @EnableAutoConfiguration was declared on a class in the package 'com.joel'. Automatic @Repository and @Entity scanning is enabled.
2025-03-04T11:22:47.811+05:30 DEBUG 13672 --- [E-Commerce] [           main] .s.d.r.c.RepositoryConfigurationDelegate : Scanning for JPA repositories in packages com.joel.
2025-03-04T11:22:47.830+05:30 DEBUG 13672 --- [E-Commerce] [           main] o.s.d.r.c.RepositoryComponentProvider    : Identified candidate component class: file [C:\Users\JoelOliveira\Desktop\Joel\Github\E-Commerce-Project\target\classes\com\joel\repository\CategoryRepository.class]
2025-03-04T11:22:47.830+05:30 DEBUG 13672 --- [E-Commerce] [           main] o.s.d.r.c.RepositoryComponentProvider    : Identified candidate component class: file [C:\Users\JoelOliveira\Desktop\Joel\Github\E-Commerce-Project\target\classes\com\joel\repository\ProductRepository.class]
2025-03-04T11:22:47.831+05:30 DEBUG 13672 --- [E-Commerce] [           main] o.s.d.r.c.RepositoryComponentProvider    : Identified candidate component class: file [C:\Users\JoelOliveira\Desktop\Joel\Github\E-Commerce-Project\target\classes\com\joel\repository\RoleRepository.class]
2025-03-04T11:22:47.831+05:30 DEBUG 13672 --- [E-Commerce] [           main] o.s.d.r.c.RepositoryComponentProvider    : Identified candidate component class: file [C:\Users\JoelOliveira\Desktop\Joel\Github\E-Commerce-Project\target\classes\com\joel\repository\UserRepository.class]
2025-03-04T11:22:47.873+05:30 DEBUG 13672 --- [E-Commerce] [           main] ssPathScanningCandidateComponentProvider : Identified candidate component class: file [C:\Users\JoelOliveira\Desktop\Joel\Github\E-Commerce-Project\target\classes\com\joel\security\service\UserDetailsImpl.class]
2025-03-04T11:22:47.874+05:30 DEBUG 13672 --- [E-Commerce] [           main] ssPathScanningCandidateComponentProvider : Identified candidate component class: file [C:\Users\JoelOliveira\Desktop\Joel\Github\E-Commerce-Project\target\classes\com\joel\security\service\UserDetailsServiceImpl.class]
2025-03-04T11:22:47.874+05:30 DEBUG 13672 --- [E-Commerce] [           main] ssPathScanningCandidateComponentProvider : Identified candidate component class: file [C:\Users\JoelOliveira\Desktop\Joel\Github\E-Commerce-Project\target\classes\com\joel\service\CategoryServiceImpl.class]
2025-03-04T11:22:47.874+05:30 DEBUG 13672 --- [E-Commerce] [           main] ssPathScanningCandidateComponentProvider : Identified candidate component class: file [C:\Users\JoelOliveira\Desktop\Joel\Github\E-Commerce-Project\target\classes\com\joel\service\FileServiceImpl.class]
2025-03-04T11:22:47.874+05:30 DEBUG 13672 --- [E-Commerce] [           main] ssPathScanningCandidateComponentProvider : Identified candidate component class: file [C:\Users\JoelOliveira\Desktop\Joel\Github\E-Commerce-Project\target\classes\com\joel\service\ProductServiceImpl.class]
2025-03-04T11:22:47.898+05:30  INFO 13672 --- [E-Commerce] [           main] .s.d.r.c.RepositoryConfigurationDelegate : Finished Spring Data repository scanning in 83 ms. Found 4 JPA repository interfaces.
2025-03-04T11:22:48.050+05:30 DEBUG 13672 --- [E-Commerce] [           main] o.s.b.f.s.DefaultListableBeanFactory     : Creating shared instance of singleton bean 'springSecurityHandlerMappingIntrospectorBeanDefinitionRegistryPostProcessor'
2025-03-04T11:22:48.243+05:30 DEBUG 13672 --- [E-Commerce] [           main] o.s.b.f.s.DefaultListableBeanFactory     : Creating shared instance of singleton bean 'propertySourcesPlaceholderConfigurer'
2025-03-04T11:22:48.255+05:30 DEBUG 13672 --- [E-Commerce] [           main] o.s.b.f.s.DefaultListableBeanFactory     : Creating shared instance of singleton bean 'org.springframework.boot.test.mock.mockito.MockitoPostProcessor'
2025-03-04T11:22:48.258+05:30 DEBUG 13672 --- [E-Commerce] [           main] o.s.b.f.s.DefaultListableBeanFactory     : Creating shared instance of singleton bean 'emBeanDefinitionRegistrarPostProcessor'
2025-03-04T11:22:48.259+05:30 DEBUG 13672 --- [E-Commerce] [           main] o.s.b.f.s.DefaultListableBeanFactory     : Creating shared instance of singleton bean 'org.springframework.boot.sql.init.dependency.DatabaseInitializationDependencyConfigurer$DependsOnDatabaseInitializationPostProcessor'
2025-03-04T11:22:48.391+05:30 DEBUG 13672 --- [E-Commerce] [           main] o.s.b.f.s.DefaultListableBeanFactory     : Creating shared instance of singleton bean 'org.springframework.context.event.internalEventListenerProcessor'
2025-03-04T11:22:48.392+05:30 DEBUG 13672 --- [E-Commerce] [           main] o.s.b.f.s.DefaultListableBeanFactory     : Creating shared instance of singleton bean 'conversionServicePostProcessor'
2025-03-04T11:22:48.405+05:30 DEBUG 13672 --- [E-Commerce] [           main] o.s.b.f.s.DefaultListableBeanFactory     : Creating shared instance of singleton bean 'preserveErrorControllerTargetClassPostProcessor'
2025-03-04T11:22:48.406+05:30 DEBUG 13672 --- [E-Commerce] [           main] o.s.b.f.s.DefaultListableBeanFactory     : Creating shared instance of singleton bean 'org.springframework.context.event.internalEventListenerFactory'
2025-03-04T11:22:48.407+05:30 DEBUG 13672 --- [E-Commerce] [           main] o.s.b.f.s.DefaultListableBeanFactory     : Creating shared instance of singleton bean 'org.springframework.transaction.config.internalTransactionalEventListenerFactory'
2025-03-04T11:22:48.413+05:30 DEBUG 13672 --- [E-Commerce] [           main] o.s.b.f.s.DefaultListableBeanFactory     : Creating shared instance of singleton bean 'org.springframework.boot.test.mock.mockito.MockitoPostProcessor$SpyPostProcessor'
2025-03-04T11:22:48.415+05:30 DEBUG 13672 --- [E-Commerce] [           main] o.s.b.f.s.DefaultListableBeanFactory     : Creating shared instance of singleton bean 'org.springframework.context.annotation.internalAutowiredAnnotationProcessor'
2025-03-04T11:22:48.417+05:30 DEBUG 13672 --- [E-Commerce] [           main] o.s.b.f.s.DefaultListableBeanFactory     : Creating shared instance of singleton bean 'org.springframework.context.annotation.internalCommonAnnotationProcessor'
2025-03-04T11:22:48.423+05:30 DEBUG 13672 --- [E-Commerce] [           main] o.s.b.f.s.DefaultListableBeanFactory     : Creating shared instance of singleton bean 'org.springframework.context.annotation.internalPersistenceAnnotationProcessor'
2025-03-04T11:22:48.424+05:30 DEBUG 13672 --- [E-Commerce] [           main] o.s.b.f.s.DefaultListableBeanFactory     : Creating shared instance of singleton bean 'org.springframework.boot.context.properties.ConfigurationPropertiesBindingPostProcessor'
2025-03-04T11:22:48.425+05:30 DEBUG 13672 --- [E-Commerce] [           main] o.s.b.f.s.DefaultListableBeanFactory     : Creating shared instance of singleton bean 'org.springframework.boot.context.internalConfigurationPropertiesBinder'
2025-03-04T11:22:48.428+05:30 DEBUG 13672 --- [E-Commerce] [           main] o.s.b.f.s.DefaultListableBeanFactory     : Creating shared instance of singleton bean 'jdbcConnectionDetailsHikariBeanPostProcessor'
2025-03-04T11:22:48.433+05:30 DEBUG 13672 --- [E-Commerce] [           main] o.s.b.f.s.DefaultListableBeanFactory     : Creating shared instance of singleton bean 'methodValidationPostProcessor'
2025-03-04T11:22:48.435+05:30 DEBUG 13672 --- [E-Commerce] [           main] o.s.b.f.s.DefaultListableBeanFactory     : Autowiring by type from bean name 'methodValidationPostProcessor' via factory method to bean named 'environment'
2025-03-04T11:22:48.463+05:30 DEBUG 13672 --- [E-Commerce] [           main] o.s.b.f.s.DefaultListableBeanFactory     : Creating shared instance of singleton bean 'org.springframework.boot.context.properties.EnableConfigurationPropertiesRegistrar.methodValidationExcludeFilter'
2025-03-04T11:22:48.497+05:30 DEBUG 13672 --- [E-Commerce] [           main] o.s.b.f.s.DefaultListableBeanFactory     : Creating shared instance of singleton bean 'org.springframework.aop.config.internalAutoProxyCreator'
2025-03-04T11:22:48.521+05:30 DEBUG 13672 --- [E-Commerce] [           main] o.s.b.f.s.DefaultListableBeanFactory     : Creating shared instance of singleton bean 'persistenceExceptionTranslationPostProcessor'
2025-03-04T11:22:48.522+05:30 DEBUG 13672 --- [E-Commerce] [           main] o.s.b.f.s.DefaultListableBeanFactory     : Autowiring by type from bean name 'persistenceExceptionTranslationPostProcessor' via factory method to bean named 'environment'
2025-03-04T11:22:48.529+05:30 DEBUG 13672 --- [E-Commerce] [           main] o.s.b.f.s.DefaultListableBeanFactory     : Creating shared instance of singleton bean 'webServerFactoryCustomizerBeanPostProcessor'
2025-03-04T11:22:48.531+05:30 DEBUG 13672 --- [E-Commerce] [           main] o.s.b.f.s.DefaultListableBeanFactory     : Creating shared instance of singleton bean 'errorPageRegistrarBeanPostProcessor'
2025-03-04T11:22:48.533+05:30 DEBUG 13672 --- [E-Commerce] [           main] o.s.b.f.s.DefaultListableBeanFactory     : Creating shared instance of singleton bean 'projectingArgumentResolverBeanPostProcessor'
2025-03-04T11:22:48.535+05:30 DEBUG 13672 --- [E-Commerce] [           main] o.s.b.f.s.DefaultListableBeanFactory     : Creating shared instance of singleton bean 'org.springframework.transaction.config.internalTransactionAdvisor'
2025-03-04T11:22:48.536+05:30 DEBUG 13672 --- [E-Commerce] [           main] o.s.b.f.s.DefaultListableBeanFactory     : Creating shared instance of singleton bean 'org.springframework.transaction.annotation.ProxyTransactionManagementConfiguration'
2025-03-04T11:22:48.558+05:30 DEBUG 13672 --- [E-Commerce] [           main] o.s.b.f.s.DefaultListableBeanFactory     : Creating shared instance of singleton bean 'transactionAttributeSource'
2025-03-04T11:22:48.564+05:30 DEBUG 13672 --- [E-Commerce] [           main] o.s.b.f.s.DefaultListableBeanFactory     : Creating shared instance of singleton bean 'transactionInterceptor'
2025-03-04T11:22:48.566+05:30 DEBUG 13672 --- [E-Commerce] [           main] o.s.b.f.s.DefaultListableBeanFactory     : Autowiring by type from bean name 'transactionInterceptor' via factory method to bean named 'transactionAttributeSource'
2025-03-04T11:22:48.578+05:30 DEBUG 13672 --- [E-Commerce] [           main] o.s.b.f.s.DefaultListableBeanFactory     : Autowiring by type from bean name 'org.springframework.transaction.config.internalTransactionAdvisor' via factory method to bean named 'transactionAttributeSource'
2025-03-04T11:22:48.579+05:30 DEBUG 13672 --- [E-Commerce] [           main] o.s.b.f.s.DefaultListableBeanFactory     : Autowiring by type from bean name 'org.springframework.transaction.config.internalTransactionAdvisor' via factory method to bean named 'transactionInterceptor'
2025-03-04T11:22:48.631+05:30 DEBUG 13672 --- [E-Commerce] [           main] o.s.u.c.s.UiApplicationContextUtils      : Unable to locate ThemeSource with name 'themeSource': using default [org.springframework.ui.context.support.ResourceBundleThemeSource@4877919f]
2025-03-04T11:22:48.633+05:30 DEBUG 13672 --- [E-Commerce] [           main] o.s.b.f.s.DefaultListableBeanFactory     : Creating shared instance of singleton bean 'org.springframework.test.context.support.internalDynamicPropertyRegistrarBeanInitializer'
2025-03-04T11:22:48.638+05:30 DEBUG 13672 --- [E-Commerce] [           main] o.s.b.f.s.DefaultListableBeanFactory     : Creating shared instance of singleton bean 'dataSourceScriptDatabaseInitializer'
2025-03-04T11:22:48.638+05:30 DEBUG 13672 --- [E-Commerce] [           main] o.s.b.f.s.DefaultListableBeanFactory     : Creating shared instance of singleton bean 'org.springframework.boot.autoconfigure.sql.init.DataSourceInitializationConfiguration'
2025-03-04T11:22:48.639+05:30 DEBUG 13672 --- [E-Commerce] [           main] o.s.b.f.s.DefaultListableBeanFactory     : Creating shared instance of singleton bean 'dataSource'
2025-03-04T11:22:48.639+05:30 DEBUG 13672 --- [E-Commerce] [           main] o.s.b.f.s.DefaultListableBeanFactory     : Creating shared instance of singleton bean 'org.springframework.boot.autoconfigure.jdbc.DataSourceConfiguration$Hikari'
2025-03-04T11:22:48.641+05:30 DEBUG 13672 --- [E-Commerce] [           main] o.s.b.f.s.DefaultListableBeanFactory     : Creating shared instance of singleton bean 'spring.datasource-org.springframework.boot.autoconfigure.jdbc.DataSourceProperties'
2025-03-04T11:22:48.642+05:30 DEBUG 13672 --- [E-Commerce] [           main] o.s.b.f.s.DefaultListableBeanFactory     : Creating shared instance of singleton bean 'org.springframework.boot.context.properties.BoundConfigurationProperties'
2025-03-04T11:22:48.682+05:30 DEBUG 13672 --- [E-Commerce] [           main] o.s.b.f.s.DefaultListableBeanFactory     : Creating shared instance of singleton bean 'jdbcConnectionDetails'
2025-03-04T11:22:48.683+05:30 DEBUG 13672 --- [E-Commerce] [           main] o.s.b.f.s.DefaultListableBeanFactory     : Creating shared instance of singleton bean 'org.springframework.boot.autoconfigure.jdbc.DataSourceAutoConfiguration$PooledDataSourceConfiguration'
2025-03-04T11:22:48.685+05:30 DEBUG 13672 --- [E-Commerce] [           main] o.s.b.f.s.DefaultListableBeanFactory     : Autowiring by type from bean name 'jdbcConnectionDetails' via factory method to bean named 'spring.datasource-org.springframework.boot.autoconfigure.jdbc.DataSourceProperties'
2025-03-04T11:22:48.686+05:30 DEBUG 13672 --- [E-Commerce] [           main] o.s.b.f.s.DefaultListableBeanFactory     : Autowiring by type from bean name 'dataSource' via factory method to bean named 'spring.datasource-org.springframework.boot.autoconfigure.jdbc.DataSourceProperties'
2025-03-04T11:22:48.687+05:30 DEBUG 13672 --- [E-Commerce] [           main] o.s.b.f.s.DefaultListableBeanFactory     : Autowiring by type from bean name 'dataSource' via factory method to bean named 'jdbcConnectionDetails'
2025-03-04T11:22:48.728+05:30 DEBUG 13672 --- [E-Commerce] [           main] o.s.b.f.s.DefaultListableBeanFactory     : Creating shared instance of singleton bean 'spring.sql.init-org.springframework.boot.autoconfigure.sql.init.SqlInitializationProperties'
2025-03-04T11:22:48.735+05:30 DEBUG 13672 --- [E-Commerce] [           main] o.s.b.f.s.DefaultListableBeanFactory     : Autowiring by type from bean name 'dataSourceScriptDatabaseInitializer' via factory method to bean named 'dataSource'
2025-03-04T11:22:48.735+05:30 DEBUG 13672 --- [E-Commerce] [           main] o.s.b.f.s.DefaultListableBeanFactory     : Autowiring by type from bean name 'dataSourceScriptDatabaseInitializer' via factory method to bean named 'spring.sql.init-org.springframework.boot.autoconfigure.sql.init.SqlInitializationProperties'
2025-03-04T11:22:48.750+05:30 DEBUG 13672 --- [E-Commerce] [           main] o.s.b.f.s.DefaultListableBeanFactory     : Creating shared instance of singleton bean 'entityManagerFactory'
2025-03-04T11:22:48.751+05:30 DEBUG 13672 --- [E-Commerce] [           main] o.s.b.f.s.DefaultListableBeanFactory     : Creating shared instance of singleton bean 'org.springframework.boot.autoconfigure.orm.jpa.HibernateJpaConfiguration'
2025-03-04T11:22:48.753+05:30 DEBUG 13672 --- [E-Commerce] [           main] o.s.b.f.s.DefaultListableBeanFactory     : Creating shared instance of singleton bean 'spring.jpa-org.springframework.boot.autoconfigure.orm.jpa.JpaProperties'
2025-03-04T11:22:48.767+05:30 DEBUG 13672 --- [E-Commerce] [           main] o.s.b.f.s.DefaultListableBeanFactory     : Creating shared instance of singleton bean 'spring.jpa.hibernate-org.springframework.boot.autoconfigure.orm.jpa.HibernateProperties'
2025-03-04T11:22:48.771+05:30 DEBUG 13672 --- [E-Commerce] [           main] o.s.b.f.s.DefaultListableBeanFactory     : Autowiring by type from bean name 'org.springframework.boot.autoconfigure.orm.jpa.HibernateJpaConfiguration' via constructor to bean named 'dataSource'
2025-03-04T11:22:48.771+05:30 DEBUG 13672 --- [E-Commerce] [           main] o.s.b.f.s.DefaultListableBeanFactory     : Autowiring by type from bean name 'org.springframework.boot.autoconfigure.orm.jpa.HibernateJpaConfiguration' via constructor to bean named 'spring.jpa-org.springframework.boot.autoconfigure.orm.jpa.JpaProperties'
2025-03-04T11:22:48.771+05:30 DEBUG 13672 --- [E-Commerce] [           main] o.s.b.f.s.DefaultListableBeanFactory     : Autowiring by type from bean name 'org.springframework.boot.autoconfigure.orm.jpa.HibernateJpaConfiguration' via constructor to bean named 'org.springframework.beans.factory.support.DefaultListableBeanFactory@3aefae67'
2025-03-04T11:22:48.772+05:30 DEBUG 13672 --- [E-Commerce] [           main] o.s.b.f.s.DefaultListableBeanFactory     : Autowiring by type from bean name 'org.springframework.boot.autoconfigure.orm.jpa.HibernateJpaConfiguration' via constructor to bean named 'spring.jpa.hibernate-org.springframework.boot.autoconfigure.orm.jpa.HibernateProperties'
2025-03-04T11:22:48.780+05:30 DEBUG 13672 --- [E-Commerce] [           main] o.s.b.f.s.DefaultListableBeanFactory     : Creating shared instance of singleton bean 'hikariPoolDataSourceMetadataProvider'
2025-03-04T11:22:48.781+05:30 DEBUG 13672 --- [E-Commerce] [           main] o.s.b.f.s.DefaultListableBeanFactory     : Creating shared instance of singleton bean 'org.springframework.boot.autoconfigure.jdbc.metadata.DataSourcePoolMetadataProvidersConfiguration$HikariPoolDataSourceMetadataProviderConfiguration'
2025-03-04T11:22:48.795+05:30 DEBUG 13672 --- [E-Commerce] [           main] o.s.b.f.s.DefaultListableBeanFactory     : Creating shared instance of singleton bean 'entityManagerFactoryBuilder'
2025-03-04T11:22:48.797+05:30 DEBUG 13672 --- [E-Commerce] [           main] o.s.b.f.s.DefaultListableBeanFactory     : Creating shared instance of singleton bean 'jpaVendorAdapter'
2025-03-04T11:22:48.834+05:30 DEBUG 13672 --- [E-Commerce] [           main] o.s.b.f.s.DefaultListableBeanFactory     : Autowiring by type from bean name 'entityManagerFactoryBuilder' via factory method to bean named 'jpaVendorAdapter'
2025-03-04T11:22:48.871+05:30 DEBUG 13672 --- [E-Commerce] [           main] o.s.b.f.s.DefaultListableBeanFactory     : Creating shared instance of singleton bean 'persistenceManagedTypes'
2025-03-04T11:22:48.874+05:30 DEBUG 13672 --- [E-Commerce] [           main] o.s.b.f.s.DefaultListableBeanFactory     : Autowiring by type from bean name 'persistenceManagedTypes' via factory method to bean named 'org.springframework.beans.factory.support.DefaultListableBeanFactory@3aefae67'
2025-03-04T11:22:48.874+05:30 DEBUG 13672 --- [E-Commerce] [           main] o.s.b.f.s.DefaultListableBeanFactory     : Autowiring by type from bean name 'persistenceManagedTypes' via factory method to bean named 'org.springframework.web.context.support.GenericWebApplicationContext@36b6964d'
2025-03-04T11:22:48.902+05:30 DEBUG 13672 --- [E-Commerce] [           main] o.s.b.f.s.DefaultListableBeanFactory     : Autowiring by type from bean name 'entityManagerFactory' via factory method to bean named 'entityManagerFactoryBuilder'
2025-03-04T11:22:48.903+05:30 DEBUG 13672 --- [E-Commerce] [           main] o.s.b.f.s.DefaultListableBeanFactory     : Autowiring by type from bean name 'entityManagerFactory' via factory method to bean named 'persistenceManagedTypes'
2025-03-04T11:22:48.922+05:30 DEBUG 13672 --- [E-Commerce] [           main] j.LocalContainerEntityManagerFactoryBean : Building JPA container EntityManagerFactory for persistence unit 'default'
2025-03-04T11:22:48.993+05:30  INFO 13672 --- [E-Commerce] [           main] o.hibernate.jpa.internal.util.LogHelper  : HHH000204: Processing PersistenceUnitInfo [name: default]
2025-03-04T11:22:49.222+05:30  INFO 13672 --- [E-Commerce] [           main] org.hibernate.Version                    : HHH000412: Hibernate ORM core version 6.6.4.Final
2025-03-04T11:22:49.308+05:30  INFO 13672 --- [E-Commerce] [           main] o.h.c.internal.RegionFactoryInitiator    : HHH000026: Second-level cache disabled
2025-03-04T11:22:49.948+05:30  INFO 13672 --- [E-Commerce] [           main] o.s.o.j.p.SpringPersistenceUnitInfo      : No LoadTimeWeaver setup: ignoring JPA class transformer
2025-03-04T11:22:50.018+05:30  INFO 13672 --- [E-Commerce] [           main] com.zaxxer.hikari.HikariDataSource       : HikariPool-1 - Starting...
2025-03-04T11:22:50.332+05:30  INFO 13672 --- [E-Commerce] [           main] com.zaxxer.hikari.pool.HikariPool        : HikariPool-1 - Added connection conn0: url=jdbc:h2:mem:test user=SA
2025-03-04T11:22:50.334+05:30  INFO 13672 --- [E-Commerce] [           main] com.zaxxer.hikari.HikariDataSource       : HikariPool-1 - Start completed.
2025-03-04T11:22:50.427+05:30  INFO 13672 --- [E-Commerce] [           main] org.hibernate.orm.connections.pooling    : HHH10001005: Database info:
	Database JDBC URL [Connecting through datasource 'HikariDataSource (HikariPool-1)']
	Database driver: undefined/unknown
	Database version: 2.3.232
	Autocommit mode: undefined/unknown
	Isolation level: undefined/unknown
	Minimum pool size: undefined/unknown
	Maximum pool size: undefined/unknown
2025-03-04T11:22:51.830+05:30  INFO 13672 --- [E-Commerce] [           main] o.h.e.t.j.p.i.JtaPlatformInitiator       : HHH000489: No JTA platform available (set 'hibernate.transaction.jta.platform' to enable JTA platform integration)
2025-03-04T11:22:51.885+05:30 DEBUG 13672 --- [E-Commerce] [           main] org.hibernate.SQL                        : 
    create table address (
        address_id bigint generated by default as identity,
        building_name varchar(255) not null,
        city varchar(255) not null,
        country varchar(255) not null,
        pincode varchar(255) not null,
        state varchar(255) not null,
        street varchar(255) not null,
        primary key (address_id)
    )
Hibernate: 
    create table address (
        address_id bigint generated by default as identity,
        building_name varchar(255) not null,
        city varchar(255) not null,
        country varchar(255) not null,
        pincode varchar(255) not null,
        state varchar(255) not null,
        street varchar(255) not null,
        primary key (address_id)
    )
2025-03-04T11:22:51.894+05:30 DEBUG 13672 --- [E-Commerce] [           main] org.hibernate.SQL                        : 
    create table category (
        category_id bigint generated by default as identity,
        category_name varchar(255) not null,
        primary key (category_id)
    )
Hibernate: 
    create table category (
        category_id bigint generated by default as identity,
        category_name varchar(255) not null,
        primary key (category_id)
    )
2025-03-04T11:22:51.895+05:30 DEBUG 13672 --- [E-Commerce] [           main] org.hibernate.SQL                        : 
    create table product (
        product_id bigint generated by default as identity,
        product_desc varchar(255),
        product_discount float(53),
        product_image varchar(255),
        product_name varchar(255),
        product_price float(53),
        product_quantity integer,
        product_spec_price float(53),
        category_id bigint,
        seller_id bigint,
        primary key (product_id)
    )
Hibernate: 
    create table product (
        product_id bigint generated by default as identity,
        product_desc varchar(255),
        product_discount float(53),
        product_image varchar(255),
        product_name varchar(255),
        product_price float(53),
        product_quantity integer,
        product_spec_price float(53),
        category_id bigint,
        seller_id bigint,
        primary key (product_id)
    )
2025-03-04T11:22:51.896+05:30 DEBUG 13672 --- [E-Commerce] [           main] org.hibernate.SQL                        : 
    create table role (
        role_id integer generated by default as identity,
        role_name enum ('ROLE_ADMIN','ROLE_SELLER','ROLE_USER'),
        primary key (role_id)
    )
Hibernate: 
    create table role (
        role_id integer generated by default as identity,
        role_name enum ('ROLE_ADMIN','ROLE_SELLER','ROLE_USER'),
        primary key (role_id)
    )
2025-03-04T11:22:51.898+05:30 DEBUG 13672 --- [E-Commerce] [           main] org.hibernate.SQL                        : 
    create table user_address (
        user_id bigint not null,
        address_id bigint not null
    )
Hibernate: 
    create table user_address (
        user_id bigint not null,
        address_id bigint not null
    )
2025-03-04T11:22:51.898+05:30 DEBUG 13672 --- [E-Commerce] [           main] org.hibernate.SQL                        : 
    create table user_role (
        user_id bigint not null,
        role_id integer not null,
        primary key (user_id, role_id)
    )
Hibernate: 
    create table user_role (
        user_id bigint not null,
        role_id integer not null,
        primary key (user_id, role_id)
    )
2025-03-04T11:22:51.900+05:30 DEBUG 13672 --- [E-Commerce] [           main] org.hibernate.SQL                        : 
    create table users (
        user_id bigint generated by default as identity,
        user_email varchar(50) not null,
        user_name varchar(20) not null,
        user_password varchar(120) not null,
        primary key (user_id)
    )
Hibernate: 
    create table users (
        user_id bigint generated by default as identity,
        user_email varchar(50) not null,
        user_name varchar(20) not null,
        user_password varchar(120) not null,
        primary key (user_id)
    )
2025-03-04T11:22:51.902+05:30 DEBUG 13672 --- [E-Commerce] [           main] org.hibernate.SQL                        : 
    alter table if exists users 
       drop constraint if exists UKk8d0f2n7n88w1a16yhua64onx
Hibernate: 
    alter table if exists users 
       drop constraint if exists UKk8d0f2n7n88w1a16yhua64onx
2025-03-04T11:22:51.902+05:30 DEBUG 13672 --- [E-Commerce] [           main] org.hibernate.SQL                        : 
    alter table if exists users 
       add constraint UKk8d0f2n7n88w1a16yhua64onx unique (user_name)
Hibernate: 
    alter table if exists users 
       add constraint UKk8d0f2n7n88w1a16yhua64onx unique (user_name)
2025-03-04T11:22:51.904+05:30 DEBUG 13672 --- [E-Commerce] [           main] org.hibernate.SQL                        : 
    alter table if exists users 
       drop constraint if exists UK33uo7vet9c79ydfuwg1w848f
Hibernate: 
    alter table if exists users 
       drop constraint if exists UK33uo7vet9c79ydfuwg1w848f
2025-03-04T11:22:51.904+05:30 DEBUG 13672 --- [E-Commerce] [           main] org.hibernate.SQL                        : 
    alter table if exists users 
       add constraint UK33uo7vet9c79ydfuwg1w848f unique (user_email)
Hibernate: 
    alter table if exists users 
       add constraint UK33uo7vet9c79ydfuwg1w848f unique (user_email)
2025-03-04T11:22:51.905+05:30 DEBUG 13672 --- [E-Commerce] [           main] org.hibernate.SQL                        : 
    alter table if exists product 
       add constraint FK1mtsbur82frn64de7balymq9s 
       foreign key (category_id) 
       references category
Hibernate: 
    alter table if exists product 
       add constraint FK1mtsbur82frn64de7balymq9s 
       foreign key (category_id) 
       references category
2025-03-04T11:22:51.914+05:30 DEBUG 13672 --- [E-Commerce] [           main] org.hibernate.SQL                        : 
    alter table if exists product 
       add constraint FKnuvtfgcf3ohskgoyi6v1eh1jr 
       foreign key (seller_id) 
       references users
Hibernate: 
    alter table if exists product 
       add constraint FKnuvtfgcf3ohskgoyi6v1eh1jr 
       foreign key (seller_id) 
       references users
2025-03-04T11:22:51.915+05:30 DEBUG 13672 --- [E-Commerce] [           main] org.hibernate.SQL                        : 
    alter table if exists user_address 
       add constraint FKdaaxogn1ss81gkcsdn05wi6jp 
       foreign key (address_id) 
       references address
Hibernate: 
    alter table if exists user_address 
       add constraint FKdaaxogn1ss81gkcsdn05wi6jp 
       foreign key (address_id) 
       references address
2025-03-04T11:22:51.917+05:30 DEBUG 13672 --- [E-Commerce] [           main] org.hibernate.SQL                        : 
    alter table if exists user_address 
       add constraint FKrmincuqpi8m660j1c57xj7twr 
       foreign key (user_id) 
       references users
Hibernate: 
    alter table if exists user_address 
       add constraint FKrmincuqpi8m660j1c57xj7twr 
       foreign key (user_id) 
       references users
2025-03-04T11:22:51.918+05:30 DEBUG 13672 --- [E-Commerce] [           main] org.hibernate.SQL                        : 
    alter table if exists user_role 
       add constraint FKa68196081fvovjhkek5m97n3y 
       foreign key (role_id) 
       references role
Hibernate: 
    alter table if exists user_role 
       add constraint FKa68196081fvovjhkek5m97n3y 
       foreign key (role_id) 
       references role
2025-03-04T11:22:51.919+05:30 DEBUG 13672 --- [E-Commerce] [           main] org.hibernate.SQL                        : 
    alter table if exists user_role 
       add constraint FKj345gk1bovqvfame88rcx7yyx 
       foreign key (user_id) 
       references users
Hibernate: 
    alter table if exists user_role 
       add constraint FKj345gk1bovqvfame88rcx7yyx 
       foreign key (user_id) 
       references users
2025-03-04T11:22:51.922+05:30  INFO 13672 --- [E-Commerce] [           main] j.LocalContainerEntityManagerFactoryBean : Initialized JPA EntityManagerFactory for persistence unit 'default'
2025-03-04T11:22:51.926+05:30 DEBUG 13672 --- [E-Commerce] [           main] o.s.b.f.s.DefaultListableBeanFactory     : Creating shared instance of singleton bean 'ECommerceApplication'
2025-03-04T11:22:51.928+05:30 DEBUG 13672 --- [E-Commerce] [           main] o.s.b.f.s.DefaultListableBeanFactory     : Creating shared instance of singleton bean 'appConfig'
2025-03-04T11:22:51.929+05:30 DEBUG 13672 --- [E-Commerce] [           main] o.s.b.f.s.DefaultListableBeanFactory     : Creating shared instance of singleton bean 'authController'
2025-03-04T11:22:51.939+05:30 DEBUG 13672 --- [E-Commerce] [           main] o.s.b.f.s.DefaultListableBeanFactory     : Creating shared instance of singleton bean 'jwtUtils'
2025-03-04T11:22:51.942+05:30 DEBUG 13672 --- [E-Commerce] [           main] ySourcesPropertyResolver$DefaultResolver : Found key 'spring.app.jwtSecret' in PropertySource 'Config resource 'class path resource [application.properties]' via location 'optional:classpath:/'' with value of type String
2025-03-04T11:22:51.943+05:30 DEBUG 13672 --- [E-Commerce] [           main] o.s.c.e.PropertySourcesPropertyResolver  : Found key 'spring.app.jwtSecret' in PropertySource 'environmentProperties' with value of type String
2025-03-04T11:22:51.947+05:30 DEBUG 13672 --- [E-Commerce] [           main] ySourcesPropertyResolver$DefaultResolver : Found key 'spring.app.jwtExpirationMs' in PropertySource 'Config resource 'class path resource [application.properties]' via location 'optional:classpath:/'' with value of type String
2025-03-04T11:22:51.948+05:30 DEBUG 13672 --- [E-Commerce] [           main] o.s.c.e.PropertySourcesPropertyResolver  : Found key 'spring.app.jwtExpirationMs' in PropertySource 'environmentProperties' with value of type String
2025-03-04T11:22:51.957+05:30 DEBUG 13672 --- [E-Commerce] [           main] ySourcesPropertyResolver$DefaultResolver : Found key 'spring.ecom.app.jwtCookieName' in PropertySource 'Config resource 'class path resource [application.properties]' via location 'optional:classpath:/'' with value of type String
2025-03-04T11:22:51.957+05:30 DEBUG 13672 --- [E-Commerce] [           main] o.s.c.e.PropertySourcesPropertyResolver  : Found key 'spring.ecom.app.jwtCookieName' in PropertySource 'environmentProperties' with value of type String
2025-03-04T11:22:51.961+05:30 DEBUG 13672 --- [E-Commerce] [           main] o.s.b.f.s.DefaultListableBeanFactory     : Creating shared instance of singleton bean 'authenticationManager'
2025-03-04T11:22:51.961+05:30 DEBUG 13672 --- [E-Commerce] [           main] o.s.b.f.s.DefaultListableBeanFactory     : Creating shared instance of singleton bean 'webSecurityConfig'
2025-03-04T11:22:51.964+05:30 DEBUG 13672 --- [E-Commerce] [           main] o.s.b.f.s.DefaultListableBeanFactory     : Creating shared instance of singleton bean 'userDetailsServiceImpl'
2025-03-04T11:22:51.967+05:30 DEBUG 13672 --- [E-Commerce] [           main] o.s.b.f.s.DefaultListableBeanFactory     : Creating shared instance of singleton bean 'userRepository'
2025-03-04T11:22:51.980+05:30 DEBUG 13672 --- [E-Commerce] [           main] o.s.b.f.s.DefaultListableBeanFactory     : Creating shared instance of singleton bean 'jpa.named-queries#3'
2025-03-04T11:22:51.985+05:30 DEBUG 13672 --- [E-Commerce] [           main] o.s.b.f.s.DefaultListableBeanFactory     : Creating shared instance of singleton bean 'jpa.UserRepository.fragments#0'
2025-03-04T11:22:51.993+05:30 DEBUG 13672 --- [E-Commerce] [           main] o.s.b.f.s.DefaultListableBeanFactory     : Creating shared instance of singleton bean 'jpaSharedEM_entityManagerFactory'
2025-03-04T11:22:52.076+05:30 DEBUG 13672 --- [E-Commerce] [           main] o.s.b.f.s.DefaultListableBeanFactory     : Creating shared instance of singleton bean 'jpaMappingContext'
2025-03-04T11:22:52.078+05:30 DEBUG 13672 --- [E-Commerce] [           main] .c.JpaMetamodelMappingContextFactoryBean : Initializing JpaMetamodelMappingContext…
2025-03-04T11:22:52.134+05:30 DEBUG 13672 --- [E-Commerce] [           main] .c.JpaMetamodelMappingContextFactoryBean : Finished initializing JpaMetamodelMappingContext
2025-03-04T11:22:52.192+05:30 DEBUG 13672 --- [E-Commerce] [           main] tor$SharedEntityManagerInvocationHandler : Creating new EntityManager for shared EntityManager invocation
2025-03-04T11:22:52.252+05:30 DEBUG 13672 --- [E-Commerce] [           main] tor$SharedEntityManagerInvocationHandler : Creating new EntityManager for shared EntityManager invocation
2025-03-04T11:22:52.398+05:30 DEBUG 13672 --- [E-Commerce] [           main] o.s.d.r.c.s.RepositoryFactorySupport     : Initializing repository instance for com.joel.repository.UserRepository…
2025-03-04T11:22:52.420+05:30 DEBUG 13672 --- [E-Commerce] [           main] tor$SharedEntityManagerInvocationHandler : Creating new EntityManager for shared EntityManager invocation
2025-03-04T11:22:52.518+05:30 DEBUG 13672 --- [E-Commerce] [           main] o.s.d.jpa.repository.query.NamedQuery    : Looking up named query 'User.findByUserName'
2025-03-04T11:22:52.524+05:30 DEBUG 13672 --- [E-Commerce] [           main] o.s.d.jpa.repository.query.NamedQuery    : Did not find named query User.findByUserName
2025-03-04T11:22:52.532+05:30 DEBUG 13672 --- [E-Commerce] [           main] tor$SharedEntityManagerInvocationHandler : Creating new EntityManager for shared EntityManager invocation
2025-03-04T11:22:52.630+05:30 DEBUG 13672 --- [E-Commerce] [           main] o.s.d.jpa.repository.query.NamedQuery    : Looking up named query 'User.existsByUserName'
2025-03-04T11:22:52.631+05:30 DEBUG 13672 --- [E-Commerce] [           main] o.s.d.jpa.repository.query.NamedQuery    : Did not find named query User.existsByUserName
2025-03-04T11:22:52.631+05:30 DEBUG 13672 --- [E-Commerce] [           main] tor$SharedEntityManagerInvocationHandler : Creating new EntityManager for shared EntityManager invocation
2025-03-04T11:22:52.636+05:30 DEBUG 13672 --- [E-Commerce] [           main] o.s.d.jpa.repository.query.NamedQuery    : Looking up named query 'User.existsByUserEmail'
2025-03-04T11:22:52.637+05:30 DEBUG 13672 --- [E-Commerce] [           main] o.s.d.jpa.repository.query.NamedQuery    : Did not find named query User.existsByUserEmail
2025-03-04T11:22:52.637+05:30 DEBUG 13672 --- [E-Commerce] [           main] tor$SharedEntityManagerInvocationHandler : Creating new EntityManager for shared EntityManager invocation
2025-03-04T11:22:52.643+05:30 DEBUG 13672 --- [E-Commerce] [           main] o.s.d.r.c.s.RepositoryFactorySupport     : Finished creation of repository instance for com.joel.repository.UserRepository.
2025-03-04T11:22:52.689+05:30 DEBUG 13672 --- [E-Commerce] [           main] o.s.b.f.s.DefaultListableBeanFactory     : Creating shared instance of singleton bean 'authEntryPointJwt'
2025-03-04T11:22:52.692+05:30 DEBUG 13672 --- [E-Commerce] [           main] o.s.b.f.s.DefaultListableBeanFactory     : Creating shared instance of singleton bean 'org.springframework.security.config.annotation.authentication.configuration.AuthenticationConfiguration'
2025-03-04T11:22:52.696+05:30 DEBUG 13672 --- [E-Commerce] [           main] o.s.b.f.s.DefaultListableBeanFactory     : Creating shared instance of singleton bean 'enableGlobalAuthenticationAutowiredConfigurer'
2025-03-04T11:22:52.697+05:30 DEBUG 13672 --- [E-Commerce] [           main] o.s.b.f.s.DefaultListableBeanFactory     : Autowiring by type from bean name 'enableGlobalAuthenticationAutowiredConfigurer' via factory method to bean named 'org.springframework.web.context.support.GenericWebApplicationContext@36b6964d'
2025-03-04T11:22:52.700+05:30 DEBUG 13672 --- [E-Commerce] [           main] o.s.b.f.s.DefaultListableBeanFactory     : Creating shared instance of singleton bean 'initializeUserDetailsBeanManagerConfigurer'
2025-03-04T11:22:52.701+05:30 DEBUG 13672 --- [E-Commerce] [           main] o.s.b.f.s.DefaultListableBeanFactory     : Autowiring by type from bean name 'initializeUserDetailsBeanManagerConfigurer' via factory method to bean named 'org.springframework.web.context.support.GenericWebApplicationContext@36b6964d'
2025-03-04T11:22:52.703+05:30 DEBUG 13672 --- [E-Commerce] [           main] o.s.b.f.s.DefaultListableBeanFactory     : Creating shared instance of singleton bean 'initializeAuthenticationProviderBeanManagerConfigurer'
2025-03-04T11:22:52.704+05:30 DEBUG 13672 --- [E-Commerce] [           main] o.s.b.f.s.DefaultListableBeanFactory     : Autowiring by type from bean name 'initializeAuthenticationProviderBeanManagerConfigurer' via factory method to bean named 'org.springframework.web.context.support.GenericWebApplicationContext@36b6964d'
2025-03-04T11:22:52.708+05:30 DEBUG 13672 --- [E-Commerce] [           main] o.s.b.f.s.DefaultListableBeanFactory     : Creating shared instance of singleton bean 'objectPostProcessor'
2025-03-04T11:22:52.708+05:30 DEBUG 13672 --- [E-Commerce] [           main] o.s.b.f.s.DefaultListableBeanFactory     : Creating shared instance of singleton bean 'org.springframework.security.config.annotation.configuration.ObjectPostProcessorConfiguration'
2025-03-04T11:22:52.710+05:30 DEBUG 13672 --- [E-Commerce] [           main] o.s.b.f.s.DefaultListableBeanFactory     : Autowiring by type from bean name 'objectPostProcessor' via factory method to bean named 'org.springframework.beans.factory.support.DefaultListableBeanFactory@3aefae67'
2025-03-04T11:22:52.713+05:30 DEBUG 13672 --- [E-Commerce] [           main] o.s.b.f.s.DefaultListableBeanFactory     : Autowiring by type from bean name 'authenticationManager' via factory method to bean named 'org.springframework.security.config.annotation.authentication.configuration.AuthenticationConfiguration'
2025-03-04T11:22:52.714+05:30 DEBUG 13672 --- [E-Commerce] [           main] o.s.b.f.s.DefaultListableBeanFactory     : Creating shared instance of singleton bean 'authenticationManagerBuilder'
2025-03-04T11:22:52.715+05:30 DEBUG 13672 --- [E-Commerce] [           main] o.s.b.f.s.DefaultListableBeanFactory     : Autowiring by type from bean name 'authenticationManagerBuilder' via factory method to bean named 'objectPostProcessor'
2025-03-04T11:22:52.715+05:30 DEBUG 13672 --- [E-Commerce] [           main] o.s.b.f.s.DefaultListableBeanFactory     : Autowiring by type from bean name 'authenticationManagerBuilder' via factory method to bean named 'org.springframework.web.context.support.GenericWebApplicationContext@36b6964d'
2025-03-04T11:22:52.719+05:30 DEBUG 13672 --- [E-Commerce] [           main] o.s.b.f.s.DefaultListableBeanFactory     : Creating shared instance of singleton bean 'authenticationEventPublisher'
2025-03-04T11:22:52.719+05:30 DEBUG 13672 --- [E-Commerce] [           main] o.s.b.f.s.DefaultListableBeanFactory     : Creating shared instance of singleton bean 'org.springframework.boot.autoconfigure.security.servlet.SecurityAutoConfiguration'
2025-03-04T11:22:52.722+05:30 DEBUG 13672 --- [E-Commerce] [           main] o.s.b.f.s.DefaultListableBeanFactory     : Autowiring by type from bean name 'authenticationEventPublisher' via factory method to bean named 'org.springframework.web.context.support.GenericWebApplicationContext@36b6964d'
2025-03-04T11:22:52.766+05:30 DEBUG 13672 --- [E-Commerce] [           main] o.s.b.f.s.DefaultListableBeanFactory     : Creating shared instance of singleton bean 'authenticationProvider'
2025-03-04T11:22:52.813+05:30 DEBUG 13672 --- [E-Commerce] [           main] o.s.b.f.s.DefaultListableBeanFactory     : Creating shared instance of singleton bean 'passwordEncoder'
2025-03-04T11:22:52.818+05:30  INFO 13672 --- [E-Commerce] [           main] eAuthenticationProviderManagerConfigurer : Global AuthenticationManager configured with AuthenticationProvider bean with name authenticationProvider
2025-03-04T11:22:52.818+05:30  WARN 13672 --- [E-Commerce] [           main] r$InitializeUserDetailsManagerConfigurer : Global AuthenticationManager configured with an AuthenticationProvider bean. UserDetailsService beans will not be used by Spring Security for automatically configuring username/password login. Consider removing the AuthenticationProvider bean. Alternatively, consider using the UserDetailsService in a manually instantiated DaoAuthenticationProvider. If the current configuration is intentional, to turn off this warning, increase the logging level of 'org.springframework.security.config.annotation.authentication.configuration.InitializeUserDetailsBeanManagerConfigurer' to ERROR
2025-03-04T11:22:52.820+05:30 DEBUG 13672 --- [E-Commerce] [           main] o.s.b.f.s.DefaultListableBeanFactory     : Creating shared instance of singleton bean 'roleRepository'
2025-03-04T11:22:52.822+05:30 DEBUG 13672 --- [E-Commerce] [           main] o.s.b.f.s.DefaultListableBeanFactory     : Creating shared instance of singleton bean 'jpa.named-queries#0'
2025-03-04T11:22:52.824+05:30 DEBUG 13672 --- [E-Commerce] [           main] o.s.b.f.s.DefaultListableBeanFactory     : Creating shared instance of singleton bean 'jpa.RoleRepository.fragments#0'
2025-03-04T11:22:52.826+05:30 DEBUG 13672 --- [E-Commerce] [           main] tor$SharedEntityManagerInvocationHandler : Creating new EntityManager for shared EntityManager invocation
2025-03-04T11:22:52.826+05:30 DEBUG 13672 --- [E-Commerce] [           main] o.s.d.r.c.s.RepositoryFactorySupport     : Initializing repository instance for com.joel.repository.RoleRepository…
2025-03-04T11:22:52.827+05:30 DEBUG 13672 --- [E-Commerce] [           main] tor$SharedEntityManagerInvocationHandler : Creating new EntityManager for shared EntityManager invocation
2025-03-04T11:22:52.830+05:30 DEBUG 13672 --- [E-Commerce] [           main] o.s.d.jpa.repository.query.NamedQuery    : Looking up named query 'Role.findByRoleName'
2025-03-04T11:22:52.831+05:30 DEBUG 13672 --- [E-Commerce] [           main] o.s.d.jpa.repository.query.NamedQuery    : Did not find named query Role.findByRoleName
2025-03-04T11:22:52.831+05:30 DEBUG 13672 --- [E-Commerce] [           main] tor$SharedEntityManagerInvocationHandler : Creating new EntityManager for shared EntityManager invocation
2025-03-04T11:22:52.849+05:30 DEBUG 13672 --- [E-Commerce] [           main] o.s.d.r.c.s.RepositoryFactorySupport     : Finished creation of repository instance for com.joel.repository.RoleRepository.
2025-03-04T11:22:52.852+05:30 DEBUG 13672 --- [E-Commerce] [           main] o.s.b.f.s.DefaultListableBeanFactory     : Creating shared instance of singleton bean 'categoryController'
2025-03-04T11:22:52.858+05:30 DEBUG 13672 --- [E-Commerce] [           main] o.s.b.f.s.DefaultListableBeanFactory     : Creating shared instance of singleton bean 'categoryServiceImpl'
2025-03-04T11:22:52.860+05:30 DEBUG 13672 --- [E-Commerce] [           main] o.s.b.f.s.DefaultListableBeanFactory     : Creating shared instance of singleton bean 'categoryRepository'
2025-03-04T11:22:52.862+05:30 DEBUG 13672 --- [E-Commerce] [           main] o.s.b.f.s.DefaultListableBeanFactory     : Creating shared instance of singleton bean 'jpa.named-queries#1'
2025-03-04T11:22:52.863+05:30 DEBUG 13672 --- [E-Commerce] [           main] o.s.b.f.s.DefaultListableBeanFactory     : Creating shared instance of singleton bean 'jpa.CategoryRepository.fragments#0'
2025-03-04T11:22:52.864+05:30 DEBUG 13672 --- [E-Commerce] [           main] tor$SharedEntityManagerInvocationHandler : Creating new EntityManager for shared EntityManager invocation
2025-03-04T11:22:52.865+05:30 DEBUG 13672 --- [E-Commerce] [           main] o.s.d.r.c.s.RepositoryFactorySupport     : Initializing repository instance for com.joel.repository.CategoryRepository…
2025-03-04T11:22:52.865+05:30 DEBUG 13672 --- [E-Commerce] [           main] tor$SharedEntityManagerInvocationHandler : Creating new EntityManager for shared EntityManager invocation
2025-03-04T11:22:52.868+05:30 DEBUG 13672 --- [E-Commerce] [           main] o.s.d.jpa.repository.query.NamedQuery    : Looking up named query 'Category.findByCategoryName'
2025-03-04T11:22:52.868+05:30 DEBUG 13672 --- [E-Commerce] [           main] o.s.d.jpa.repository.query.NamedQuery    : Did not find named query Category.findByCategoryName
2025-03-04T11:22:52.869+05:30 DEBUG 13672 --- [E-Commerce] [           main] tor$SharedEntityManagerInvocationHandler : Creating new EntityManager for shared EntityManager invocation
2025-03-04T11:22:52.873+05:30 DEBUG 13672 --- [E-Commerce] [           main] o.s.d.r.c.s.RepositoryFactorySupport     : Finished creation of repository instance for com.joel.repository.CategoryRepository.
2025-03-04T11:22:52.875+05:30 DEBUG 13672 --- [E-Commerce] [           main] o.s.b.f.s.DefaultListableBeanFactory     : Creating shared instance of singleton bean 'modelMapper'
2025-03-04T11:22:52.916+05:30 DEBUG 13672 --- [E-Commerce] [           main] o.s.b.f.s.DefaultListableBeanFactory     : Autowiring by type from bean name 'categoryServiceImpl' via constructor to bean named 'categoryRepository'
2025-03-04T11:22:52.916+05:30 DEBUG 13672 --- [E-Commerce] [           main] o.s.b.f.s.DefaultListableBeanFactory     : Autowiring by type from bean name 'categoryServiceImpl' via constructor to bean named 'modelMapper'
2025-03-04T11:22:52.917+05:30 DEBUG 13672 --- [E-Commerce] [           main] o.s.b.f.s.DefaultListableBeanFactory     : Autowiring by type from bean name 'categoryController' via constructor to bean named 'categoryServiceImpl'
2025-03-04T11:22:52.919+05:30 DEBUG 13672 --- [E-Commerce] [           main] o.s.b.f.s.DefaultListableBeanFactory     : Creating shared instance of singleton bean 'productController'
2025-03-04T11:22:52.921+05:30 DEBUG 13672 --- [E-Commerce] [           main] o.s.b.f.s.DefaultListableBeanFactory     : Creating shared instance of singleton bean 'productServiceImpl'
2025-03-04T11:22:52.925+05:30 DEBUG 13672 --- [E-Commerce] [           main] o.s.b.f.s.DefaultListableBeanFactory     : Creating shared instance of singleton bean 'productRepository'
2025-03-04T11:22:52.928+05:30 DEBUG 13672 --- [E-Commerce] [           main] o.s.b.f.s.DefaultListableBeanFactory     : Creating shared instance of singleton bean 'jpa.named-queries#2'
2025-03-04T11:22:52.930+05:30 DEBUG 13672 --- [E-Commerce] [           main] o.s.b.f.s.DefaultListableBeanFactory     : Creating shared instance of singleton bean 'jpa.ProductRepository.fragments#0'
2025-03-04T11:22:52.932+05:30 DEBUG 13672 --- [E-Commerce] [           main] tor$SharedEntityManagerInvocationHandler : Creating new EntityManager for shared EntityManager invocation
2025-03-04T11:22:52.933+05:30 DEBUG 13672 --- [E-Commerce] [           main] o.s.d.r.c.s.RepositoryFactorySupport     : Initializing repository instance for com.joel.repository.ProductRepository…
2025-03-04T11:22:52.934+05:30 DEBUG 13672 --- [E-Commerce] [           main] tor$SharedEntityManagerInvocationHandler : Creating new EntityManager for shared EntityManager invocation
2025-03-04T11:22:52.948+05:30 DEBUG 13672 --- [E-Commerce] [           main] o.s.d.jpa.repository.query.NamedQuery    : Looking up named query 'Product.findByCategoryOrderByProductPriceAsc'
2025-03-04T11:22:52.950+05:30 DEBUG 13672 --- [E-Commerce] [           main] o.s.d.jpa.repository.query.NamedQuery    : Did not find named query Product.findByCategoryOrderByProductPriceAsc
2025-03-04T11:22:52.950+05:30 DEBUG 13672 --- [E-Commerce] [           main] tor$SharedEntityManagerInvocationHandler : Creating new EntityManager for shared EntityManager invocation
2025-03-04T11:22:52.958+05:30 DEBUG 13672 --- [E-Commerce] [           main] o.s.d.jpa.repository.query.NamedQuery    : Looking up named query 'Product.findByProductNameContainingIgnoreCase'
2025-03-04T11:22:52.959+05:30 DEBUG 13672 --- [E-Commerce] [           main] o.s.d.jpa.repository.query.NamedQuery    : Did not find named query Product.findByProductNameContainingIgnoreCase
2025-03-04T11:22:52.959+05:30 DEBUG 13672 --- [E-Commerce] [           main] tor$SharedEntityManagerInvocationHandler : Creating new EntityManager for shared EntityManager invocation
2025-03-04T11:22:52.962+05:30 DEBUG 13672 --- [E-Commerce] [           main] o.s.d.jpa.repository.query.NamedQuery    : Looking up named query 'Product.findByProductName'
2025-03-04T11:22:52.964+05:30 DEBUG 13672 --- [E-Commerce] [           main] o.s.d.jpa.repository.query.NamedQuery    : Did not find named query Product.findByProductName
2025-03-04T11:22:52.964+05:30 DEBUG 13672 --- [E-Commerce] [           main] tor$SharedEntityManagerInvocationHandler : Creating new EntityManager for shared EntityManager invocation
2025-03-04T11:22:52.972+05:30 DEBUG 13672 --- [E-Commerce] [           main] o.s.d.r.c.s.RepositoryFactorySupport     : Finished creation of repository instance for com.joel.repository.ProductRepository.
2025-03-04T11:22:52.975+05:30 DEBUG 13672 --- [E-Commerce] [           main] o.s.b.f.s.DefaultListableBeanFactory     : Creating shared instance of singleton bean 'fileServiceImpl'
2025-03-04T11:22:52.976+05:30 DEBUG 13672 --- [E-Commerce] [           main] o.s.b.f.s.DefaultListableBeanFactory     : Autowiring by type from bean name 'productServiceImpl' via constructor to bean named 'productRepository'
2025-03-04T11:22:52.976+05:30 DEBUG 13672 --- [E-Commerce] [           main] o.s.b.f.s.DefaultListableBeanFactory     : Autowiring by type from bean name 'productServiceImpl' via constructor to bean named 'categoryRepository'
2025-03-04T11:22:52.977+05:30 DEBUG 13672 --- [E-Commerce] [           main] o.s.b.f.s.DefaultListableBeanFactory     : Autowiring by type from bean name 'productServiceImpl' via constructor to bean named 'modelMapper'
2025-03-04T11:22:52.977+05:30 DEBUG 13672 --- [E-Commerce] [           main] o.s.b.f.s.DefaultListableBeanFactory     : Autowiring by type from bean name 'productServiceImpl' via constructor to bean named 'fileServiceImpl'
2025-03-04T11:22:52.983+05:30 DEBUG 13672 --- [E-Commerce] [           main] o.s.c.e.PropertySourcesPropertyResolver  : Found key 'project.image' in PropertySource 'environmentProperties' with value of type String
2025-03-04T11:22:52.986+05:30 DEBUG 13672 --- [E-Commerce] [           main] o.s.b.f.s.DefaultListableBeanFactory     : Autowiring by type from bean name 'productController' via constructor to bean named 'productServiceImpl'
2025-03-04T11:22:52.987+05:30 DEBUG 13672 --- [E-Commerce] [           main] o.s.b.f.s.DefaultListableBeanFactory     : Creating shared instance of singleton bean 'globalExceptionHandler'
2025-03-04T11:22:52.991+05:30 DEBUG 13672 --- [E-Commerce] [           main] o.s.b.f.s.DefaultListableBeanFactory     : Creating shared instance of singleton bean 'authTokenFilter'
2025-03-04T11:22:52.997+05:30 DEBUG 13672 --- [E-Commerce] [           main] o.s.b.f.s.DefaultListableBeanFactory     : Creating shared instance of singleton bean 'org.springframework.security.config.annotation.web.configuration.WebSecurityConfiguration'
2025-03-04T11:22:53.002+05:30 DEBUG 13672 --- [E-Commerce] [           main] o.s.b.f.s.DefaultListableBeanFactory     : Creating shared instance of singleton bean 'org.springframework.security.config.annotation.web.configuration.HttpSecurityConfiguration'
2025-03-04T11:22:53.019+05:30 DEBUG 13672 --- [E-Commerce] [           main] o.s.b.f.s.DefaultListableBeanFactory     : Creating shared instance of singleton bean 'mvcContentNegotiationManager'
2025-03-04T11:22:53.019+05:30 DEBUG 13672 --- [E-Commerce] [           main] o.s.b.f.s.DefaultListableBeanFactory     : Creating shared instance of singleton bean 'org.springframework.boot.autoconfigure.web.servlet.WebMvcAutoConfiguration$EnableWebMvcConfiguration'
2025-03-04T11:22:53.022+05:30 DEBUG 13672 --- [E-Commerce] [           main] o.s.b.f.s.DefaultListableBeanFactory     : Creating shared instance of singleton bean 'spring.mvc-org.springframework.boot.autoconfigure.web.servlet.WebMvcProperties'
2025-03-04T11:22:53.034+05:30 DEBUG 13672 --- [E-Commerce] [           main] o.s.b.f.s.DefaultListableBeanFactory     : Creating shared instance of singleton bean 'spring.web-org.springframework.boot.autoconfigure.web.WebProperties'
2025-03-04T11:22:53.045+05:30 DEBUG 13672 --- [E-Commerce] [           main] o.s.b.f.s.DefaultListableBeanFactory     : Autowiring by type from bean name 'org.springframework.boot.autoconfigure.web.servlet.WebMvcAutoConfiguration$EnableWebMvcConfiguration' via constructor to bean named 'spring.mvc-org.springframework.boot.autoconfigure.web.servlet.WebMvcProperties'
2025-03-04T11:22:53.046+05:30 DEBUG 13672 --- [E-Commerce] [           main] o.s.b.f.s.DefaultListableBeanFactory     : Autowiring by type from bean name 'org.springframework.boot.autoconfigure.web.servlet.WebMvcAutoConfiguration$EnableWebMvcConfiguration' via constructor to bean named 'spring.web-org.springframework.boot.autoconfigure.web.WebProperties'
2025-03-04T11:22:53.047+05:30 DEBUG 13672 --- [E-Commerce] [           main] o.s.b.f.s.DefaultListableBeanFactory     : Autowiring by type from bean name 'org.springframework.boot.autoconfigure.web.servlet.WebMvcAutoConfiguration$EnableWebMvcConfiguration' via constructor to bean named 'org.springframework.beans.factory.support.DefaultListableBeanFactory@3aefae67'
2025-03-04T11:22:53.059+05:30 DEBUG 13672 --- [E-Commerce] [           main] o.s.b.f.s.DefaultListableBeanFactory     : Creating shared instance of singleton bean 'org.springframework.security.config.annotation.web.configuration.WebMvcSecurityConfiguration'
2025-03-04T11:22:53.062+05:30 DEBUG 13672 --- [E-Commerce] [           main] o.s.b.f.s.DefaultListableBeanFactory     : Creating shared instance of singleton bean 'org.springframework.boot.autoconfigure.web.servlet.WebMvcAutoConfiguration$WebMvcAutoConfigurationAdapter'
2025-03-04T11:22:53.063+05:30 DEBUG 13672 --- [E-Commerce] [           main] o.s.b.f.s.DefaultListableBeanFactory     : Autowiring by type from bean name 'org.springframework.boot.autoconfigure.web.servlet.WebMvcAutoConfiguration$WebMvcAutoConfigurationAdapter' via constructor to bean named 'spring.web-org.springframework.boot.autoconfigure.web.WebProperties'
2025-03-04T11:22:53.064+05:30 DEBUG 13672 --- [E-Commerce] [           main] o.s.b.f.s.DefaultListableBeanFactory     : Autowiring by type from bean name 'org.springframework.boot.autoconfigure.web.servlet.WebMvcAutoConfiguration$WebMvcAutoConfigurationAdapter' via constructor to bean named 'spring.mvc-org.springframework.boot.autoconfigure.web.servlet.WebMvcProperties'
2025-03-04T11:22:53.064+05:30 DEBUG 13672 --- [E-Commerce] [           main] o.s.b.f.s.DefaultListableBeanFactory     : Autowiring by type from bean name 'org.springframework.boot.autoconfigure.web.servlet.WebMvcAutoConfiguration$WebMvcAutoConfigurationAdapter' via constructor to bean named 'org.springframework.beans.factory.support.DefaultListableBeanFactory@3aefae67'
2025-03-04T11:22:53.067+05:30 DEBUG 13672 --- [E-Commerce] [           main] o.s.b.f.s.DefaultListableBeanFactory     : Creating shared instance of singleton bean 'resourceHandlerRegistrationCustomizer'
2025-03-04T11:22:53.067+05:30 DEBUG 13672 --- [E-Commerce] [           main] o.s.b.f.s.DefaultListableBeanFactory     : Creating shared instance of singleton bean 'org.springframework.boot.autoconfigure.web.servlet.WebMvcAutoConfiguration$ResourceChainCustomizerConfiguration'
2025-03-04T11:22:53.068+05:30 DEBUG 13672 --- [E-Commerce] [           main] o.s.b.f.s.DefaultListableBeanFactory     : Autowiring by type from bean name 'resourceHandlerRegistrationCustomizer' via factory method to bean named 'spring.web-org.springframework.boot.autoconfigure.web.WebProperties'
2025-03-04T11:22:53.071+05:30 DEBUG 13672 --- [E-Commerce] [           main] o.s.b.f.s.DefaultListableBeanFactory     : Creating shared instance of singleton bean 'swaggerWebMvcConfigurer'
2025-03-04T11:22:53.072+05:30 DEBUG 13672 --- [E-Commerce] [           main] o.s.b.f.s.DefaultListableBeanFactory     : Creating shared instance of singleton bean 'org.springdoc.webmvc.ui.SwaggerConfig'
2025-03-04T11:22:53.074+05:30 DEBUG 13672 --- [E-Commerce] [           main] o.s.b.f.s.DefaultListableBeanFactory     : Creating shared instance of singleton bean 'org.springdoc.core.properties.SwaggerUiConfigProperties'
2025-03-04T11:22:53.082+05:30 DEBUG 13672 --- [E-Commerce] [           main] o.s.b.f.s.DefaultListableBeanFactory     : Creating shared instance of singleton bean 'indexPageTransformer'
2025-03-04T11:22:53.084+05:30 DEBUG 13672 --- [E-Commerce] [           main] o.s.b.f.s.DefaultListableBeanFactory     : Creating shared instance of singleton bean 'org.springdoc.core.properties.SwaggerUiOAuthProperties'
2025-03-04T11:22:53.087+05:30 DEBUG 13672 --- [E-Commerce] [           main] o.s.b.f.s.DefaultListableBeanFactory     : Creating shared instance of singleton bean 'swaggerWelcome'
2025-03-04T11:22:53.088+05:30 DEBUG 13672 --- [E-Commerce] [           main] o.s.b.f.s.DefaultListableBeanFactory     : Creating shared instance of singleton bean 'org.springdoc.core.properties.SpringDocConfigProperties'
2025-03-04T11:22:53.097+05:30 DEBUG 13672 --- [E-Commerce] [           main] o.s.b.f.s.DefaultListableBeanFactory     : Creating shared instance of singleton bean 'springWebProvider'
2025-03-04T11:22:53.097+05:30 DEBUG 13672 --- [E-Commerce] [           main] o.s.b.f.s.DefaultListableBeanFactory     : Creating shared instance of singleton bean 'org.springdoc.webmvc.core.configuration.SpringDocWebMvcConfiguration'
2025-03-04T11:22:53.108+05:30 DEBUG 13672 --- [E-Commerce] [           main] o.s.b.f.s.DefaultListableBeanFactory     : Autowiring by type from bean name 'swaggerWelcome' via factory method to bean named 'org.springdoc.core.properties.SwaggerUiConfigProperties'
2025-03-04T11:22:53.109+05:30 DEBUG 13672 --- [E-Commerce] [           main] o.s.b.f.s.DefaultListableBeanFactory     : Autowiring by type from bean name 'swaggerWelcome' via factory method to bean named 'org.springdoc.core.properties.SpringDocConfigProperties'
2025-03-04T11:22:53.109+05:30 DEBUG 13672 --- [E-Commerce] [           main] o.s.b.f.s.DefaultListableBeanFactory     : Autowiring by type from bean name 'swaggerWelcome' via factory method to bean named 'springWebProvider'
2025-03-04T11:22:53.147+05:30 DEBUG 13672 --- [E-Commerce] [           main] o.s.b.f.s.DefaultListableBeanFactory     : Creating shared instance of singleton bean 'springdocObjectMapperProvider'
2025-03-04T11:22:53.147+05:30 DEBUG 13672 --- [E-Commerce] [           main] o.s.b.f.s.DefaultListableBeanFactory     : Creating shared instance of singleton bean 'org.springdoc.core.configuration.SpringDocConfiguration'
2025-03-04T11:22:53.153+05:30 DEBUG 13672 --- [E-Commerce] [           main] o.s.b.f.s.DefaultListableBeanFactory     : Autowiring by type from bean name 'springdocObjectMapperProvider' via factory method to bean named 'org.springdoc.core.properties.SpringDocConfigProperties'
2025-03-04T11:22:53.251+05:30 DEBUG 13672 --- [E-Commerce] [           main] o.s.b.f.s.DefaultListableBeanFactory     : Autowiring by type from bean name 'indexPageTransformer' via factory method to bean named 'org.springdoc.core.properties.SwaggerUiConfigProperties'
2025-03-04T11:22:53.252+05:30 DEBUG 13672 --- [E-Commerce] [           main] o.s.b.f.s.DefaultListableBeanFactory     : Autowiring by type from bean name 'indexPageTransformer' via factory method to bean named 'org.springdoc.core.properties.SwaggerUiOAuthProperties'
2025-03-04T11:22:53.252+05:30 DEBUG 13672 --- [E-Commerce] [           main] o.s.b.f.s.DefaultListableBeanFactory     : Autowiring by type from bean name 'indexPageTransformer' via factory method to bean named 'swaggerWelcome'
2025-03-04T11:22:53.252+05:30 DEBUG 13672 --- [E-Commerce] [           main] o.s.b.f.s.DefaultListableBeanFactory     : Autowiring by type from bean name 'indexPageTransformer' via factory method to bean named 'springdocObjectMapperProvider'
2025-03-04T11:22:53.260+05:30 DEBUG 13672 --- [E-Commerce] [           main] o.s.b.f.s.DefaultListableBeanFactory     : Creating shared instance of singleton bean 'swaggerResourceResolver'
2025-03-04T11:22:53.261+05:30 DEBUG 13672 --- [E-Commerce] [           main] o.s.b.f.s.DefaultListableBeanFactory     : Autowiring by type from bean name 'swaggerResourceResolver' via factory method to bean named 'org.springdoc.core.properties.SwaggerUiConfigProperties'
2025-03-04T11:22:53.268+05:30 DEBUG 13672 --- [E-Commerce] [           main] o.s.b.f.s.DefaultListableBeanFactory     : Autowiring by type from bean name 'swaggerWebMvcConfigurer' via factory method to bean named 'org.springdoc.core.properties.SwaggerUiConfigProperties'
2025-03-04T11:22:53.268+05:30 DEBUG 13672 --- [E-Commerce] [           main] o.s.b.f.s.DefaultListableBeanFactory     : Autowiring by type from bean name 'swaggerWebMvcConfigurer' via factory method to bean named 'indexPageTransformer'
2025-03-04T11:22:53.268+05:30 DEBUG 13672 --- [E-Commerce] [           main] o.s.b.f.s.DefaultListableBeanFactory     : Autowiring by type from bean name 'swaggerWebMvcConfigurer' via factory method to bean named 'swaggerResourceResolver'
2025-03-04T11:22:53.273+05:30 DEBUG 13672 --- [E-Commerce] [           main] o.s.b.f.s.DefaultListableBeanFactory     : Creating shared instance of singleton bean 'openEntityManagerInViewInterceptorConfigurer'
2025-03-04T11:22:53.274+05:30 DEBUG 13672 --- [E-Commerce] [           main] o.s.b.f.s.DefaultListableBeanFactory     : Creating shared instance of singleton bean 'org.springframework.boot.autoconfigure.orm.jpa.JpaBaseConfiguration$JpaWebConfiguration'
2025-03-04T11:22:53.275+05:30 DEBUG 13672 --- [E-Commerce] [           main] o.s.b.f.s.DefaultListableBeanFactory     : Autowiring by type from bean name 'org.springframework.boot.autoconfigure.orm.jpa.JpaBaseConfiguration$JpaWebConfiguration' via constructor to bean named 'spring.jpa-org.springframework.boot.autoconfigure.orm.jpa.JpaProperties'
2025-03-04T11:22:53.276+05:30 DEBUG 13672 --- [E-Commerce] [           main] o.s.b.f.s.DefaultListableBeanFactory     : Creating shared instance of singleton bean 'openEntityManagerInViewInterceptor'
2025-03-04T11:22:53.276+05:30  WARN 13672 --- [E-Commerce] [           main] JpaBaseConfiguration$JpaWebConfiguration : spring.jpa.open-in-view is enabled by default. Therefore, database queries may be performed during view rendering. Explicitly configure spring.jpa.open-in-view to disable this warning
2025-03-04T11:22:53.282+05:30 DEBUG 13672 --- [E-Commerce] [           main] o.s.b.f.s.DefaultListableBeanFactory     : Autowiring by type from bean name 'openEntityManagerInViewInterceptorConfigurer' via factory method to bean named 'openEntityManagerInViewInterceptor'
2025-03-04T11:22:53.283+05:30 DEBUG 13672 --- [E-Commerce] [           main] o.s.b.f.s.DefaultListableBeanFactory     : Creating shared instance of singleton bean 'org.springframework.data.web.config.SpringDataWebConfiguration'
2025-03-04T11:22:53.284+05:30 DEBUG 13672 --- [E-Commerce] [           main] o.s.b.f.s.DefaultListableBeanFactory     : Autowiring by type from bean name 'org.springframework.data.web.config.SpringDataWebConfiguration' via constructor to bean named 'org.springframework.web.context.support.GenericWebApplicationContext@36b6964d'
2025-03-04T11:22:53.420+05:30 DEBUG 13672 --- [E-Commerce] [           main] o.s.b.f.s.DefaultListableBeanFactory     : Creating shared instance of singleton bean 'filterChainDecoratorPostProcessor'
2025-03-04T11:22:53.424+05:30 DEBUG 13672 --- [E-Commerce] [           main] o.s.b.f.s.DefaultListableBeanFactory     : Creating shared instance of singleton bean 'mvcHandlerMappingIntrospectorRequestTransformer'
2025-03-04T11:22:53.425+05:30 DEBUG 13672 --- [E-Commerce] [           main] o.s.b.f.s.DefaultListableBeanFactory     : Creating shared instance of singleton bean 'mvcHandlerMappingIntrospector'
2025-03-04T11:22:53.438+05:30 DEBUG 13672 --- [E-Commerce] [           main] o.s.b.f.s.DefaultListableBeanFactory     : Creating shared instance of singleton bean 'welcomePageHandlerMapping'
2025-03-04T11:22:53.439+05:30 DEBUG 13672 --- [E-Commerce] [           main] o.s.b.f.s.DefaultListableBeanFactory     : Creating shared instance of singleton bean 'mvcConversionService'
2025-03-04T11:22:53.454+05:30 DEBUG 13672 --- [E-Commerce] [           main] o.s.b.f.s.DefaultListableBeanFactory     : Creating shared instance of singleton bean 'mvcResourceUrlProvider'
2025-03-04T11:22:53.457+05:30 DEBUG 13672 --- [E-Commerce] [           main] o.s.b.f.s.DefaultListableBeanFactory     : Autowiring by type from bean name 'welcomePageHandlerMapping' via factory method to bean named 'org.springframework.web.context.support.GenericWebApplicationContext@36b6964d'
2025-03-04T11:22:53.457+05:30 DEBUG 13672 --- [E-Commerce] [           main] o.s.b.f.s.DefaultListableBeanFactory     : Autowiring by type from bean name 'welcomePageHandlerMapping' via factory method to bean named 'mvcConversionService'
2025-03-04T11:22:53.457+05:30 DEBUG 13672 --- [E-Commerce] [           main] o.s.b.f.s.DefaultListableBeanFactory     : Autowiring by type from bean name 'welcomePageHandlerMapping' via factory method to bean named 'mvcResourceUrlProvider'
2025-03-04T11:22:53.487+05:30 DEBUG 13672 --- [E-Commerce] [           main] o.s.b.f.s.DefaultListableBeanFactory     : Creating shared instance of singleton bean 'welcomePageNotAcceptableHandlerMapping'
2025-03-04T11:22:53.488+05:30 DEBUG 13672 --- [E-Commerce] [           main] o.s.b.f.s.DefaultListableBeanFactory     : Autowiring by type from bean name 'welcomePageNotAcceptableHandlerMapping' via factory method to bean named 'org.springframework.web.context.support.GenericWebApplicationContext@36b6964d'
2025-03-04T11:22:53.488+05:30 DEBUG 13672 --- [E-Commerce] [           main] o.s.b.f.s.DefaultListableBeanFactory     : Autowiring by type from bean name 'welcomePageNotAcceptableHandlerMapping' via factory method to bean named 'mvcConversionService'
2025-03-04T11:22:53.488+05:30 DEBUG 13672 --- [E-Commerce] [           main] o.s.b.f.s.DefaultListableBeanFactory     : Autowiring by type from bean name 'welcomePageNotAcceptableHandlerMapping' via factory method to bean named 'mvcResourceUrlProvider'
2025-03-04T11:22:53.494+05:30 DEBUG 13672 --- [E-Commerce] [           main] o.s.b.f.s.DefaultListableBeanFactory     : Creating shared instance of singleton bean 'requestMappingHandlerMapping'
2025-03-04T11:22:53.497+05:30 DEBUG 13672 --- [E-Commerce] [           main] o.s.b.f.s.DefaultListableBeanFactory     : Autowiring by type from bean name 'requestMappingHandlerMapping' via factory method to bean named 'mvcContentNegotiationManager'
2025-03-04T11:22:53.497+05:30 DEBUG 13672 --- [E-Commerce] [           main] o.s.b.f.s.DefaultListableBeanFactory     : Autowiring by type from bean name 'requestMappingHandlerMapping' via factory method to bean named 'mvcConversionService'
2025-03-04T11:22:53.497+05:30 DEBUG 13672 --- [E-Commerce] [           main] o.s.b.f.s.DefaultListableBeanFactory     : Autowiring by type from bean name 'requestMappingHandlerMapping' via factory method to bean named 'mvcResourceUrlProvider'
2025-03-04T11:22:53.604+05:30 DEBUG 13672 --- [E-Commerce] [           main] s.w.s.m.m.a.RequestMappingHandlerMapping : 22 mappings in 'requestMappingHandlerMapping'
2025-03-04T11:22:53.609+05:30 DEBUG 13672 --- [E-Commerce] [           main] o.s.b.f.s.DefaultListableBeanFactory     : Creating shared instance of singleton bean 'viewControllerHandlerMapping'
2025-03-04T11:22:53.611+05:30 DEBUG 13672 --- [E-Commerce] [           main] o.s.b.f.s.DefaultListableBeanFactory     : Autowiring by type from bean name 'viewControllerHandlerMapping' via factory method to bean named 'mvcConversionService'
2025-03-04T11:22:53.611+05:30 DEBUG 13672 --- [E-Commerce] [           main] o.s.b.f.s.DefaultListableBeanFactory     : Autowiring by type from bean name 'viewControllerHandlerMapping' via factory method to bean named 'mvcResourceUrlProvider'
2025-03-04T11:22:53.613+05:30 DEBUG 13672 --- [E-Commerce] [           main] o.s.b.f.s.DefaultListableBeanFactory     : Creating shared instance of singleton bean 'beanNameHandlerMapping'
2025-03-04T11:22:53.614+05:30 DEBUG 13672 --- [E-Commerce] [           main] o.s.b.f.s.DefaultListableBeanFactory     : Autowiring by type from bean name 'beanNameHandlerMapping' via factory method to bean named 'mvcConversionService'
2025-03-04T11:22:53.615+05:30 DEBUG 13672 --- [E-Commerce] [           main] o.s.b.f.s.DefaultListableBeanFactory     : Autowiring by type from bean name 'beanNameHandlerMapping' via factory method to bean named 'mvcResourceUrlProvider'
2025-03-04T11:22:53.621+05:30 DEBUG 13672 --- [E-Commerce] [           main] o.s.b.f.s.DefaultListableBeanFactory     : Creating shared instance of singleton bean 'routerFunctionMapping'
2025-03-04T11:22:53.621+05:30 DEBUG 13672 --- [E-Commerce] [           main] o.s.b.f.s.DefaultListableBeanFactory     : Autowiring by type from bean name 'routerFunctionMapping' via factory method to bean named 'mvcConversionService'
2025-03-04T11:22:53.622+05:30 DEBUG 13672 --- [E-Commerce] [           main] o.s.b.f.s.DefaultListableBeanFactory     : Autowiring by type from bean name 'routerFunctionMapping' via factory method to bean named 'mvcResourceUrlProvider'
2025-03-04T11:22:53.624+05:30 DEBUG 13672 --- [E-Commerce] [           main] o.s.b.f.s.DefaultListableBeanFactory     : Creating shared instance of singleton bean 'messageConverters'
2025-03-04T11:22:53.624+05:30 DEBUG 13672 --- [E-Commerce] [           main] o.s.b.f.s.DefaultListableBeanFactory     : Creating shared instance of singleton bean 'org.springframework.boot.autoconfigure.http.HttpMessageConvertersAutoConfiguration'
2025-03-04T11:22:53.631+05:30 DEBUG 13672 --- [E-Commerce] [           main] o.s.b.f.s.DefaultListableBeanFactory     : Creating shared instance of singleton bean 'stringHttpMessageConverter'
2025-03-04T11:22:53.631+05:30 DEBUG 13672 --- [E-Commerce] [           main] o.s.b.f.s.DefaultListableBeanFactory     : Creating shared instance of singleton bean 'org.springframework.boot.autoconfigure.http.HttpMessageConvertersAutoConfiguration$StringHttpMessageConverterConfiguration'
2025-03-04T11:22:53.632+05:30 DEBUG 13672 --- [E-Commerce] [           main] o.s.b.f.s.DefaultListableBeanFactory     : Autowiring by type from bean name 'stringHttpMessageConverter' via factory method to bean named 'environment'
2025-03-04T11:22:53.639+05:30 DEBUG 13672 --- [E-Commerce] [           main] o.s.b.f.s.DefaultListableBeanFactory     : Creating shared instance of singleton bean 'mappingJackson2HttpMessageConverter'
2025-03-04T11:22:53.639+05:30 DEBUG 13672 --- [E-Commerce] [           main] o.s.b.f.s.DefaultListableBeanFactory     : Creating shared instance of singleton bean 'org.springframework.boot.autoconfigure.http.JacksonHttpMessageConvertersConfiguration$MappingJackson2HttpMessageConverterConfiguration'
2025-03-04T11:22:53.640+05:30 DEBUG 13672 --- [E-Commerce] [           main] o.s.b.f.s.DefaultListableBeanFactory     : Creating shared instance of singleton bean 'jacksonObjectMapper'
[...]
2025-03-04T11:22:55.637+05:30 DEBUG 13672 --- [E-Commerce] [           main] tor$SharedEntityManagerInvocationHandler : Creating new EntityManager for shared EntityManager invocation
2025-03-04T11:22:55.638+05:30 DEBUG 13672 --- [E-Commerce] [           main] org.hibernate.SQL                        : 
    select
        u1_0.user_id,
        u1_0.user_email,
        u1_0.user_name,
        u1_0.user_password 
    from
        users u1_0 
    where
        u1_0.user_name=?
Hibernate: 
    select
        u1_0.user_id,
        u1_0.user_email,
        u1_0.user_name,
        u1_0.user_password 
    from
        users u1_0 
    where
        u1_0.user_name=?
2025-03-04T11:22:55.639+05:30 DEBUG 13672 --- [E-Commerce] [           main] org.hibernate.SQL                        : 
    select
        r1_0.user_id,
        r1_1.role_id,
        r1_1.role_name 
    from
        user_role r1_0 
    join
        role r1_1 
            on r1_1.role_id=r1_0.role_id 
    where
        r1_0.user_id=?
Hibernate: 
    select
        r1_0.user_id,
        r1_1.role_id,
        r1_1.role_name 
    from
        user_role r1_0 
    join
        role r1_1 
            on r1_1.role_id=r1_0.role_id 
    where
        r1_0.user_id=?
2025-03-04T11:22:55.641+05:30 DEBUG 13672 --- [E-Commerce] [           main] o.s.orm.jpa.JpaTransactionManager        : Creating new transaction with name [org.springframework.data.jpa.repository.support.SimpleJpaRepository.save]: PROPAGATION_REQUIRED,ISOLATION_DEFAULT
2025-03-04T11:22:55.641+05:30 DEBUG 13672 --- [E-Commerce] [           main] o.s.orm.jpa.JpaTransactionManager        : Opened new EntityManager [SessionImpl(1317025467<open>)] for JPA transaction
2025-03-04T11:22:55.641+05:30 DEBUG 13672 --- [E-Commerce] [           main] o.s.orm.jpa.JpaTransactionManager        : Exposing JPA transaction as JDBC [org.springframework.orm.jpa.vendor.HibernateJpaDialect$HibernateConnectionHandle@7c3b8b26]
2025-03-04T11:22:55.641+05:30 DEBUG 13672 --- [E-Commerce] [           main] org.hibernate.SQL                        : 
    select
        u1_0.user_id,
        p1_0.seller_id,
        p1_0.product_id,
        c1_0.category_id,
        c1_0.category_name,
        p1_0.product_desc,
        p1_0.product_discount,
        p1_0.product_image,
        p1_0.product_name,
        p1_0.product_price,
        p1_0.product_quantity,
        p1_0.product_spec_price,
        u1_0.user_email,
        u1_0.user_name,
        u1_0.user_password 
    from
        users u1_0 
    left join
        product p1_0 
            on u1_0.user_id=p1_0.seller_id 
    left join
        category c1_0 
            on c1_0.category_id=p1_0.category_id 
    where
        u1_0.user_id=?
Hibernate: 
    select
        u1_0.user_id,
        p1_0.seller_id,
        p1_0.product_id,
        c1_0.category_id,
        c1_0.category_name,
        p1_0.product_desc,
        p1_0.product_discount,
        p1_0.product_image,
        p1_0.product_name,
        p1_0.product_price,
        p1_0.product_quantity,
        p1_0.product_spec_price,
        u1_0.user_email,
        u1_0.user_name,
        u1_0.user_password 
    from
        users u1_0 
    left join
        product p1_0 
            on u1_0.user_id=p1_0.seller_id 
    left join
        category c1_0 
            on c1_0.category_id=p1_0.category_id 
    where
        u1_0.user_id=?
2025-03-04T11:22:55.642+05:30 DEBUG 13672 --- [E-Commerce] [           main] org.hibernate.SQL                        : 
    select
        r1_0.user_id,
        r1_1.role_id,
        r1_1.role_name 
    from
        user_role r1_0 
    join
        role r1_1 
            on r1_1.role_id=r1_0.role_id 
    where
        r1_0.user_id=?
Hibernate: 
    select
        r1_0.user_id,
        r1_1.role_id,
        r1_1.role_name 
    from
        user_role r1_0 
    join
        role r1_1 
            on r1_1.role_id=r1_0.role_id 
    where
        r1_0.user_id=?
2025-03-04T11:22:55.643+05:30 DEBUG 13672 --- [E-Commerce] [           main] org.hibernate.SQL                        : 
    select
        a1_0.user_id,
        a1_1.address_id,
        a1_1.building_name,
        a1_1.city,
        a1_1.country,
        a1_1.pincode,
        a1_1.state,
        a1_1.street 
    from
        user_address a1_0 
    join
        address a1_1 
            on a1_1.address_id=a1_0.address_id 
    where
        a1_0.user_id=?
Hibernate: 
    select
        a1_0.user_id,
        a1_1.address_id,
        a1_1.building_name,
        a1_1.city,
        a1_1.country,
        a1_1.pincode,
        a1_1.state,
        a1_1.street 
    from
        user_address a1_0 
    join
        address a1_1 
            on a1_1.address_id=a1_0.address_id 
    where
        a1_0.user_id=?
2025-03-04T11:22:55.643+05:30 DEBUG 13672 --- [E-Commerce] [           main] org.hibernate.SQL                        : 
    select
        r1_0.role_id,
        r1_0.role_name 
    from
        role r1_0 
    where
        r1_0.role_id=?
Hibernate: 
    select
        r1_0.role_id,
        r1_0.role_name 
    from
        role r1_0 
    where
        r1_0.role_id=?
2025-03-04T11:22:55.644+05:30 DEBUG 13672 --- [E-Commerce] [           main] o.s.orm.jpa.JpaTransactionManager        : Initiating transaction commit
2025-03-04T11:22:55.644+05:30 DEBUG 13672 --- [E-Commerce] [           main] o.s.orm.jpa.JpaTransactionManager        : Committing JPA transaction on EntityManager [SessionImpl(1317025467<open>)]
2025-03-04T11:22:55.645+05:30 DEBUG 13672 --- [E-Commerce] [           main] org.hibernate.SQL                        : 
    insert 
    into
        user_role
        (user_id, role_id) 
    values
        (?, ?)
Hibernate: 
    insert 
    into
        user_role
        (user_id, role_id) 
    values
        (?, ?)
2025-03-04T11:22:55.646+05:30 DEBUG 13672 --- [E-Commerce] [           main] o.s.orm.jpa.JpaTransactionManager        : Closing JPA EntityManager [SessionImpl(1317025467<open>)] after transaction
2025-03-04T11:22:55.646+05:30 DEBUG 13672 --- [E-Commerce] [           main] tor$SharedEntityManagerInvocationHandler : Creating new EntityManager for shared EntityManager invocation
2025-03-04T11:22:55.648+05:30 DEBUG 13672 --- [E-Commerce] [           main] org.hibernate.SQL                        : 
    select
        u1_0.user_id,
        u1_0.user_email,
        u1_0.user_name,
        u1_0.user_password 
    from
        users u1_0 
    where
        u1_0.user_name=?
Hibernate: 
    select
        u1_0.user_id,
        u1_0.user_email,
        u1_0.user_name,
        u1_0.user_password 
    from
        users u1_0 
    where
        u1_0.user_name=?
2025-03-04T11:22:55.649+05:30 DEBUG 13672 --- [E-Commerce] [           main] org.hibernate.SQL                        : 
    select
        r1_0.user_id,
        r1_1.role_id,
        r1_1.role_name 
    from
        user_role r1_0 
    join
        role r1_1 
            on r1_1.role_id=r1_0.role_id 
    where
        r1_0.user_id=?
Hibernate: 
    select
        r1_0.user_id,
        r1_1.role_id,
        r1_1.role_name 
    from
        user_role r1_0 
    join
        role r1_1 
            on r1_1.role_id=r1_0.role_id 
    where
        r1_0.user_id=?
2025-03-04T11:22:55.650+05:30 DEBUG 13672 --- [E-Commerce] [           main] o.s.orm.jpa.JpaTransactionManager        : Creating new transaction with name [org.springframework.data.jpa.repository.support.SimpleJpaRepository.save]: PROPAGATION_REQUIRED,ISOLATION_DEFAULT
2025-03-04T11:22:55.650+05:30 DEBUG 13672 --- [E-Commerce] [           main] o.s.orm.jpa.JpaTransactionManager        : Opened new EntityManager [SessionImpl(91390948<open>)] for JPA transaction
2025-03-04T11:22:55.650+05:30 DEBUG 13672 --- [E-Commerce] [           main] o.s.orm.jpa.JpaTransactionManager        : Exposing JPA transaction as JDBC [org.springframework.orm.jpa.vendor.HibernateJpaDialect$HibernateConnectionHandle@58fa8762]
2025-03-04T11:22:55.651+05:30 DEBUG 13672 --- [E-Commerce] [           main] org.hibernate.SQL                        : 
    select
        u1_0.user_id,
        p1_0.seller_id,
        p1_0.product_id,
        c1_0.category_id,
        c1_0.category_name,
        p1_0.product_desc,
        p1_0.product_discount,
        p1_0.product_image,
        p1_0.product_name,
        p1_0.product_price,
        p1_0.product_quantity,
        p1_0.product_spec_price,
        u1_0.user_email,
        u1_0.user_name,
        u1_0.user_password 
    from
        users u1_0 
    left join
        product p1_0 
            on u1_0.user_id=p1_0.seller_id 
    left join
        category c1_0 
            on c1_0.category_id=p1_0.category_id 
    where
        u1_0.user_id=?
Hibernate: 
    select
        u1_0.user_id,
        p1_0.seller_id,
        p1_0.product_id,
        c1_0.category_id,
        c1_0.category_name,
        p1_0.product_desc,
        p1_0.product_discount,
        p1_0.product_image,
        p1_0.product_name,
        p1_0.product_price,
        p1_0.product_quantity,
        p1_0.product_spec_price,
        u1_0.user_email,
        u1_0.user_name,
        u1_0.user_password 
    from
        users u1_0 
    left join
        product p1_0 
            on u1_0.user_id=p1_0.seller_id 
    left join
        category c1_0 
            on c1_0.category_id=p1_0.category_id 
    where
        u1_0.user_id=?
2025-03-04T11:22:55.652+05:30 DEBUG 13672 --- [E-Commerce] [           main] org.hibernate.SQL                        : 
    select
        r1_0.user_id,
        r1_1.role_id,
        r1_1.role_name 
    from
        user_role r1_0 
    join
        role r1_1 
            on r1_1.role_id=r1_0.role_id 
    where
        r1_0.user_id=?
Hibernate: 
    select
        r1_0.user_id,
        r1_1.role_id,
        r1_1.role_name 
    from
        user_role r1_0 
    join
        role r1_1 
            on r1_1.role_id=r1_0.role_id 
    where
        r1_0.user_id=?
2025-03-04T11:22:55.652+05:30 DEBUG 13672 --- [E-Commerce] [           main] org.hibernate.SQL                        : 
    select
        a1_0.user_id,
        a1_1.address_id,
        a1_1.building_name,
        a1_1.city,
        a1_1.country,
        a1_1.pincode,
        a1_1.state,
        a1_1.street 
    from
        user_address a1_0 
    join
        address a1_1 
            on a1_1.address_id=a1_0.address_id 
    where
        a1_0.user_id=?
Hibernate: 
    select
        a1_0.user_id,
        a1_1.address_id,
        a1_1.building_name,
        a1_1.city,
        a1_1.country,
        a1_1.pincode,
        a1_1.state,
        a1_1.street 
    from
        user_address a1_0 
    join
        address a1_1 
            on a1_1.address_id=a1_0.address_id 
    where
        a1_0.user_id=?
2025-03-04T11:22:55.653+05:30 DEBUG 13672 --- [E-Commerce] [           main] org.hibernate.SQL                        : 
    select
        r1_0.role_id,
        r1_0.role_name 
    from
        role r1_0 
    where
        r1_0.role_id=?
Hibernate: 
    select
        r1_0.role_id,
        r1_0.role_name 
    from
        role r1_0 
    where
        r1_0.role_id=?
2025-03-04T11:22:55.654+05:30 DEBUG 13672 --- [E-Commerce] [           main] org.hibernate.SQL                        : 
    select
        r1_0.role_id,
        r1_0.role_name 
    from
        role r1_0 
    where
        r1_0.role_id=?
Hibernate: 
    select
        r1_0.role_id,
        r1_0.role_name 
    from
        role r1_0 
    where
        r1_0.role_id=?
2025-03-04T11:22:55.655+05:30 DEBUG 13672 --- [E-Commerce] [           main] org.hibernate.SQL                        : 
    select
        r1_0.role_id,
        r1_0.role_name 
    from
        role r1_0 
    where
        r1_0.role_id=?
Hibernate: 
    select
        r1_0.role_id,
        r1_0.role_name 
    from
        role r1_0 
    where
        r1_0.role_id=?
2025-03-04T11:22:55.655+05:30 DEBUG 13672 --- [E-Commerce] [           main] o.s.orm.jpa.JpaTransactionManager        : Initiating transaction commit
2025-03-04T11:22:55.655+05:30 DEBUG 13672 --- [E-Commerce] [           main] o.s.orm.jpa.JpaTransactionManager        : Committing JPA transaction on EntityManager [SessionImpl(91390948<open>)]
2025-03-04T11:22:55.656+05:30 DEBUG 13672 --- [E-Commerce] [           main] org.hibernate.SQL                        : 
    insert 
    into
        user_role
        (user_id, role_id) 
    values
        (?, ?)
Hibernate: 
    insert 
    into
        user_role
        (user_id, role_id) 
    values
        (?, ?)
2025-03-04T11:22:55.656+05:30 DEBUG 13672 --- [E-Commerce] [           main] org.hibernate.SQL                        : 
    insert 
    into
        user_role
        (user_id, role_id) 
    values
        (?, ?)
Hibernate: 
    insert 
    into
        user_role
        (user_id, role_id) 
    values
        (?, ?)
2025-03-04T11:22:55.657+05:30 DEBUG 13672 --- [E-Commerce] [           main] org.hibernate.SQL                        : 
    insert 
    into
        user_role
        (user_id, role_id) 
    values
        (?, ?)
Hibernate: 
    insert 
    into
        user_role
        (user_id, role_id) 
    values
        (?, ?)
2025-03-04T11:22:55.658+05:30 DEBUG 13672 --- [E-Commerce] [           main] o.s.orm.jpa.JpaTransactionManager        : Closing JPA EntityManager [SessionImpl(91390948<open>)] after transaction
2025-03-04T11:22:55.659+05:30 DEBUG 13672 --- [E-Commerce] [           main] o.s.boot.devtools.restart.Restarter      : Creating new Restarter for thread Thread[#1,main,5,main]
2025-03-04T11:22:55.660+05:30 DEBUG 13672 --- [E-Commerce] [           main] o.s.b.a.ApplicationAvailabilityBean      : Application availability state ReadinessState changed to ACCEPTING_TRAFFIC
2025-03-04T11:22:55.663+05:30 DEBUG 13672 --- [E-Commerce] [           main] org.springframework.test.context.cache   : Spring test ApplicationContext cache statistics: [DefaultContextCache@79f14c56 size = 1, maxSize = 32, parentContextCount = 0, hitCount = 0, missCount = 1, failureCount = 0]
2025-03-04T11:22:55.664+05:30 DEBUG 13672 --- [E-Commerce] [           main] o.s.t.c.w.ServletTestExecutionListener   : Setting up MockHttpServletRequest, MockHttpServletResponse, ServletWebRequest, and RequestContextHolder for test class com.joel.ECommerceApplicationTests
2025-03-04T11:22:55.681+05:30 DEBUG 13672 --- [E-Commerce] [           main] DependencyInjectionTestExecutionListener : Performing dependency injection for test class com.joel.ECommerceApplicationTests
2025-03-04T11:22:55.681+05:30 DEBUG 13672 --- [E-Commerce] [           main] org.springframework.test.context.cache   : Spring test ApplicationContext cache statistics: [DefaultContextCache@79f14c56 size = 1, maxSize = 32, parentContextCount = 0, hitCount = 1, missCount = 1, failureCount = 0]
2025-03-04T11:22:55.682+05:30 DEBUG 13672 --- [E-Commerce] [           main] org.springframework.test.context.cache   : Spring test ApplicationContext cache statistics: [DefaultContextCache@79f14c56 size = 1, maxSize = 32, parentContextCount = 0, hitCount = 2, missCount = 1, failureCount = 0]
2025-03-04T11:22:55.687+05:30 DEBUG 13672 --- [E-Commerce] [           main] sContextBeforeModesTestExecutionListener : Before test method: class [ECommerceApplicationTests], method [contextLoads], class annotated with @DirtiesContext [false] with mode [null], method annotated with @DirtiesContext [false] with mode [null]
2025-03-04T11:22:55.691+05:30 DEBUG 13672 --- [E-Commerce] [           main] org.springframework.test.context.cache   : Spring test ApplicationContext cache statistics: [DefaultContextCache@79f14c56 size = 1, maxSize = 32, parentContextCount = 0, hitCount = 3, missCount = 1, failureCount = 0]
2025-03-04T11:22:55.691+05:30 DEBUG 13672 --- [E-Commerce] [           main] org.springframework.test.context.cache   : Spring test ApplicationContext cache statistics: [DefaultContextCache@79f14c56 size = 1, maxSize = 32, parentContextCount = 0, hitCount = 4, missCount = 1, failureCount = 0]
2025-03-04T11:22:56.270+05:30 DEBUG 13672 --- [E-Commerce] [           main] org.springframework.test.context.cache   : Spring test ApplicationContext cache statistics: [DefaultContextCache@79f14c56 size = 1, maxSize = 32, parentContextCount = 0, hitCount = 5, missCount = 1, failureCount = 0]
2025-03-04T11:22:56.277+05:30 DEBUG 13672 --- [E-Commerce] [           main] org.springframework.test.context.cache   : Spring test ApplicationContext cache statistics: [DefaultContextCache@79f14c56 size = 1, maxSize = 32, parentContextCount = 0, hitCount = 6, missCount = 1, failureCount = 0]
2025-03-04T11:22:56.286+05:30 DEBUG 13672 --- [E-Commerce] [           main] org.springframework.test.context.cache   : Spring test ApplicationContext cache statistics: [DefaultContextCache@79f14c56 size = 1, maxSize = 32, parentContextCount = 0, hitCount = 7, missCount = 1, failureCount = 0]
2025-03-04T11:22:56.286+05:30 DEBUG 13672 --- [E-Commerce] [           main] org.springframework.test.context.cache   : Spring test ApplicationContext cache statistics: [DefaultContextCache@79f14c56 size = 1, maxSize = 32, parentContextCount = 0, hitCount = 8, missCount = 1, failureCount = 0]
2025-03-04T11:22:56.287+05:30 DEBUG 13672 --- [E-Commerce] [           main] org.springframework.test.context.cache   : Spring test ApplicationContext cache statistics: [DefaultContextCache@79f14c56 size = 1, maxSize = 32, parentContextCount = 0, hitCount = 9, missCount = 1, failureCount = 0]
2025-03-04T11:22:56.287+05:30 DEBUG 13672 --- [E-Commerce] [           main] org.springframework.test.context.cache   : Spring test ApplicationContext cache statistics: [DefaultContextCache@79f14c56 size = 1, maxSize = 32, parentContextCount = 0, hitCount = 10, missCount = 1, failureCount = 0]
2025-03-04T11:22:56.288+05:30 DEBUG 13672 --- [E-Commerce] [           main] org.springframework.test.context.cache   : Spring test ApplicationContext cache statistics: [DefaultContextCache@79f14c56 size = 1, maxSize = 32, parentContextCount = 0, hitCount = 11, missCount = 1, failureCount = 0]
2025-03-04T11:22:56.289+05:30 DEBUG 13672 --- [E-Commerce] [           main] org.springframework.test.context.cache   : Spring test ApplicationContext cache statistics: [DefaultContextCache@79f14c56 size = 1, maxSize = 32, parentContextCount = 0, hitCount = 12, missCount = 1, failureCount = 0]
2025-03-04T11:22:56.292+05:30 DEBUG 13672 --- [E-Commerce] [           main] org.springframework.test.context.cache   : Spring test ApplicationContext cache statistics: [DefaultContextCache@79f14c56 size = 1, maxSize = 32, parentContextCount = 0, hitCount = 13, missCount = 1, failureCount = 0]
2025-03-04T11:22:56.293+05:30 DEBUG 13672 --- [E-Commerce] [           main] .c.s.DirtiesContextTestExecutionListener : After test method: class [ECommerceApplicationTests], method [contextLoads], class annotated with @DirtiesContext [false] with mode [null], method annotated with @DirtiesContext [false] with mode [null]
2025-03-04T11:22:56.293+05:30 DEBUG 13672 --- [E-Commerce] [           main] o.s.t.c.w.ServletTestExecutionListener   : Resetting RequestContextHolder for test class com.joel.ECommerceApplicationTests
]]></system-out>
    <system-err><![CDATA[Mockito is currently self-attaching to enable the inline-mock-maker. This will no longer work in future releases of the JDK. Please add Mockito as an agent to your build what is described in Mockito's documentation: https://javadoc.io/doc/org.mockito/mockito-core/latest/org/mockito/Mockito.html#0.3
WARNING: A Java agent has been loaded dynamically (C:\Users\JoelOliveira\.m2\repository\net\bytebuddy\byte-buddy-agent\1.15.11\byte-buddy-agent-1.15.11.jar)
WARNING: If a serviceability tool is in use, please run with -XX:+EnableDynamicAgentLoading to hide this warning
WARNING: If a serviceability tool is not in use, please run with -Djdk.instrument.traceUsage for more information
WARNING: Dynamic loading of agents will be disallowed by default in a future release
]]></system-err>
  </testcase>
</testsuite>